2024-03-08 15:06:14,144 [INFO] Activator:176 - 


2024-03-08 15:06:14,148 [INFO] Activator:177 - !SESSION log4j initialized
2024-03-08 15:06:17,742 [INFO] LogOutputStream:77 - [STDOUT_REDIRECT] 
2024-03-08 15:06:19,786 [INFO] ApplicationProperties:184 - Using Application install path: C:\STM32CubeIDE\plugins\com.st.stm32cube.common.mx_6.9.2.202309101412
2024-03-08 15:06:19,804 [INFO] DbMcusXml:78 - Set database path to: C:\STM32CubeIDE\plugins\com.st.stm32cube.common.mx_6.9.2.202309101412\\db\/mcu/
2024-03-08 15:06:19,804 [INFO] ApiDb:274 - Set plugin database path to: C:\STM32CubeIDE\plugins\com.st.stm32cube.common.mx_6.9.2.202309101412\\db\/plugins/boardmanager/
2024-03-08 15:06:19,804 [WARN] ApiDb:259 - Overriding images path with different value:  => C:\STM32CubeIDE\plugins\com.st.stm32cube.common.mx_6.9.2.202309101412\\db\/plugins/mcufinder/images/
2024-03-08 15:06:19,816 [INFO] ApiDb:250 - Set database path to: C:\Users\wlsdn\.stmcufinder\plugins\mcufinder//mcu/
2024-03-08 15:06:19,817 [INFO] DbMcusAds:125 - Set database path to: C:\Users\wlsdn\.stmcufinder\plugins\mcufinder//mcu/
2024-03-08 15:06:19,818 [INFO] CrossReferenceDbSqlite:203 - Set database path to: C:\Users\wlsdn\.stmcufinder\plugins\mcufinder//mcu/cs/
2024-03-08 15:06:19,928 [INFO] RulesReader:64 - Compatibility file has been processed (293 Rules)
2024-03-08 15:06:20,005 [INFO] DbMcusXml:78 - Set database path to: C:\STM32CubeIDE\plugins\com.st.stm32cube.common.mx_6.9.2.202309101412\\db\/mcu/
2024-03-08 15:06:20,005 [INFO] ApiDb:274 - Set plugin database path to: C:\STM32CubeIDE\plugins\com.st.stm32cube.common.mx_6.9.2.202309101412\\db\/plugins/boardmanager/
2024-03-08 15:06:20,005 [INFO] ApiDb:261 - Set plugin images path to: C:\STM32CubeIDE\plugins\com.st.stm32cube.common.mx_6.9.2.202309101412\\db\/plugins/mcufinder/images/
2024-03-08 15:06:20,006 [WARN] DbFile:41 - Overriding database path with different value: C:\Users\wlsdn\.stmcufinder\plugins\mcufinder/ => C:\Users\wlsdn\.stmcufinder\plugins\mcufinder
2024-03-08 15:06:20,006 [INFO] ApiDb:250 - Set database path to: C:\Users\wlsdn\.stmcufinder\plugins\mcufinder//mcu/
2024-03-08 15:06:20,006 [WARN] DbFile:41 - Overriding database path with different value: C:\Users\wlsdn\.stmcufinder\plugins\mcufinder/ => C:\Users\wlsdn\.stmcufinder\plugins\mcufinder
2024-03-08 15:06:20,006 [INFO] DbMcusAds:125 - Set database path to: C:\Users\wlsdn\.stmcufinder\plugins\mcufinder//mcu/
2024-03-08 15:06:20,006 [WARN] DbFile:41 - Overriding database path with different value: C:\Users\wlsdn\.stmcufinder\plugins\mcufinder/ => C:\Users\wlsdn\.stmcufinder\plugins\mcufinder
2024-03-08 15:06:20,006 [WARN] DbFile:41 - Overriding database path with different value: C:\Users\wlsdn\.stmcufinder\plugins\mcufinder/ => C:\Users\wlsdn\.stmcufinder\plugins\mcufinder
2024-03-08 15:06:20,006 [INFO] CrossReferenceDbSqlite:203 - Set database path to: C:\Users\wlsdn\.stmcufinder\plugins\mcufinder//mcu/cs/
2024-03-08 15:06:20,101 [INFO] MainPanel:262 - HeapMemory: 268435456
2024-03-08 15:06:20,196 [INFO] DbMcusXml:78 - Set database path to: C:\STM32CubeIDE\plugins\com.st.stm32cube.common.mx_6.9.2.202309101412\\db\/mcu/
2024-03-08 15:06:20,196 [INFO] ApiDb:274 - Set plugin database path to: C:\STM32CubeIDE\plugins\com.st.stm32cube.common.mx_6.9.2.202309101412\\db\/plugins/boardmanager/
2024-03-08 15:06:20,196 [INFO] ApiDb:261 - Set plugin images path to: C:\STM32CubeIDE\plugins\com.st.stm32cube.common.mx_6.9.2.202309101412\\db\/plugins/mcufinder/images/
2024-03-08 15:06:20,197 [WARN] DbFile:41 - Overriding database path with different value: C:\Users\wlsdn\.stmcufinder\plugins\mcufinder/ => C:\Users\wlsdn\.stmcufinder\plugins\mcufinder
2024-03-08 15:06:20,197 [INFO] ApiDb:250 - Set database path to: C:\Users\wlsdn\.stmcufinder\plugins\mcufinder//mcu/
2024-03-08 15:06:20,197 [WARN] DbFile:41 - Overriding database path with different value: C:\Users\wlsdn\.stmcufinder\plugins\mcufinder/ => C:\Users\wlsdn\.stmcufinder\plugins\mcufinder
2024-03-08 15:06:20,197 [INFO] DbMcusAds:125 - Set database path to: C:\Users\wlsdn\.stmcufinder\plugins\mcufinder//mcu/
2024-03-08 15:06:20,197 [WARN] DbFile:41 - Overriding database path with different value: C:\Users\wlsdn\.stmcufinder\plugins\mcufinder/ => C:\Users\wlsdn\.stmcufinder\plugins\mcufinder
2024-03-08 15:06:20,197 [WARN] DbFile:41 - Overriding database path with different value: C:\Users\wlsdn\.stmcufinder\plugins\mcufinder/ => C:\Users\wlsdn\.stmcufinder\plugins\mcufinder
2024-03-08 15:06:20,197 [INFO] CrossReferenceDbSqlite:203 - Set database path to: C:\Users\wlsdn\.stmcufinder\plugins\mcufinder//mcu/cs/
2024-03-08 15:06:20,214 [INFO] ApplicationProperties:184 - Using Application install path: C:\STM32CubeIDE\plugins\com.st.stm32cube.common.mx_6.9.2.202309101412
2024-03-08 15:06:20,215 [INFO] PluginManage:196 - Search for loadable plugins [exclusion list=, ]
2024-03-08 15:06:20,216 [INFO] PluginManage:310 - Check plugin analytics
2024-03-08 15:06:20,347 [INFO] AnalyticsPlugin:253 - Accepted Software Licenses: 
2024-03-08 15:06:20,347 [INFO] AnalyticsPlugin:255 - Accepted CMSIS Pack Licenses: 
2024-03-08 15:06:20,348 [INFO] AnalyticsPlugin:257 - Accepted Firmware Licenses: FW.F4.1.27.0
2024-03-08 15:06:20,349 [INFO] PluginManage:359 - Loaded plugin analytics (category:tool,tabindex:-1)
2024-03-08 15:06:20,350 [INFO] PluginManage:310 - Check plugin cadmodel
2024-03-08 15:06:20,366 [INFO] CADModel:105 - Init CAD model plugin
2024-03-08 15:06:20,366 [INFO] PluginManage:359 - Loaded plugin cadmodel (category:power,tabindex:5)
2024-03-08 15:06:20,366 [INFO] PluginManage:310 - Check plugin clock
2024-03-08 15:06:20,388 [INFO] PluginManage:359 - Loaded plugin clock (category:base,tabindex:2)
2024-03-08 15:06:20,388 [INFO] PluginManage:310 - Check plugin ddr
2024-03-08 15:06:20,391 [INFO] PluginManage:359 - Loaded plugin ddr (category:tool,tabindex:6)
2024-03-08 15:06:20,391 [INFO] PluginManage:310 - Check plugin filemanager
2024-03-08 15:06:20,521 [INFO] PluginManage:359 - Loaded plugin filemanager (category:base,tabindex:10)
2024-03-08 15:06:20,521 [INFO] PluginManage:310 - Check plugin ipmanager
2024-03-08 15:06:20,529 [INFO] PluginManage:359 - Loaded plugin ipmanager (category:base,tabindex:5)
2024-03-08 15:06:20,530 [INFO] PluginManage:310 - Check plugin lpbam
2024-03-08 15:06:20,548 [INFO] PluginManage:359 - Loaded plugin lpbam (category:base,tabindex:0)
2024-03-08 15:06:20,548 [INFO] PluginManage:310 - Check plugin memorymap
2024-03-08 15:06:20,576 [INFO] PluginManage:359 - Loaded plugin memorymap (category:base,tabindex:4)
2024-03-08 15:06:20,576 [INFO] PluginManage:310 - Check plugin pinoutandconfiguration
2024-03-08 15:06:20,593 [INFO] PluginManage:359 - Loaded plugin pinoutandconfiguration (category:base,tabindex:1)
2024-03-08 15:06:20,593 [INFO] PluginManage:310 - Check plugin pinoutconfig
2024-03-08 15:06:20,672 [WARN] SupportedApi:132 - Cannot load RTOS API schema: s4s-elt-must-match.1: The content of 'definitions' must match (annotation?, (simpleType | complexType)?, (unique | key | keyref)*)). A problem was found starting at: attribute.
2024-03-08 15:06:20,778 [INFO] PluginManage:359 - Loaded plugin pinoutconfig (category:base,tabindex:0)
2024-03-08 15:06:20,779 [INFO] PluginManage:310 - Check plugin power
2024-03-08 15:06:20,802 [INFO] PluginManage:359 - Loaded plugin power (category:power,tabindex:4)
2024-03-08 15:06:20,802 [INFO] PluginManage:310 - Check plugin projectmanager
2024-03-08 15:06:20,814 [INFO] PluginManage:359 - Loaded plugin projectmanager (category:projectmanager,tabindex:3)
2024-03-08 15:06:20,815 [INFO] PluginManage:310 - Check plugin thirdparty
2024-03-08 15:06:21,045 [INFO] PluginManage:359 - Loaded plugin thirdparty (category:base,tabindex:-1)
2024-03-08 15:06:21,045 [INFO] PluginManage:310 - Check plugin tools
2024-03-08 15:06:21,045 [WARN] IntegrityCheckThread:84 - waiting for thirdparty lock release [integrity check]
2024-03-08 15:06:21,045 [INFO] IntegrityCheckThread:86 - entering critical section [integrity check]
2024-03-08 15:06:21,045 [INFO] ThirdPartyUpdaterWithRetryManager:70 - Updater plugin not ready yet. [1/15]
2024-03-08 15:06:21,072 [INFO] PluginManage:359 - Loaded plugin tools (category:base,tabindex:7)
2024-03-08 15:06:21,072 [INFO] PluginManage:310 - Check plugin tutovideos
2024-03-08 15:06:21,242 [INFO] PluginManage:359 - Loaded plugin tutovideos (category:base,tabindex:-1)
2024-03-08 15:06:21,242 [INFO] PluginManage:310 - Check plugin updater
2024-03-08 15:06:21,256 [INFO] PluginManage:359 - Loaded plugin updater (category:base,tabindex:12)
2024-03-08 15:06:21,256 [INFO] PluginManage:310 - Check plugin userauth
2024-03-08 15:06:21,261 [INFO] UserAuth:113 - Init User Auth plugin
2024-03-08 15:06:21,261 [INFO] PluginManage:359 - Loaded plugin userauth (category:base,tabindex:14)
2024-03-08 15:06:21,261 [INFO] PluginManage:283 - PluginManage : Loaded plugins [17]
2024-03-08 15:06:21,457 [INFO] PinOutPanel:1499 - setPackage(No Configuration,No Configuration)
2024-03-08 15:06:21,557 [INFO] CADModel:165 - CPN selected for project level
2024-03-08 15:06:21,557 [INFO] CADModel:114 - Register for checkConnection events
2024-03-08 15:06:21,583 [INFO] IPUIPlugin:80 - create IPUIPlugin
2024-03-08 15:06:21,583 [INFO] PluginManager:220 - loadIPPluginJar : add adc
2024-03-08 15:06:21,613 [INFO] IPUIPlugin:80 - create IPUIPlugin
2024-03-08 15:06:21,613 [INFO] PluginManager:220 - loadIPPluginJar : add aes
2024-03-08 15:06:21,648 [INFO] IPUIPlugin:80 - create IPUIPlugin
2024-03-08 15:06:21,648 [INFO] PluginManager:220 - loadIPPluginJar : add can
2024-03-08 15:06:21,666 [INFO] IPUIPlugin:80 - create IPUIPlugin
2024-03-08 15:06:21,667 [INFO] PluginManager:220 - loadIPPluginJar : add comp
2024-03-08 15:06:21,693 [INFO] IPUIPlugin:80 - create IPUIPlugin
2024-03-08 15:06:21,693 [INFO] PluginManager:220 - loadIPPluginJar : add cryp
2024-03-08 15:06:21,718 [INFO] IPUIPlugin:80 - create IPUIPlugin
2024-03-08 15:06:21,718 [INFO] PluginManager:220 - loadIPPluginJar : add dfsdm
2024-03-08 15:06:21,732 [INFO] IPUIPlugin:80 - create IPUIPlugin
2024-03-08 15:06:21,732 [INFO] PluginManager:220 - loadIPPluginJar : add dma
2024-03-08 15:06:21,765 [INFO] IPUIPlugin:80 - create IPUIPlugin
2024-03-08 15:06:21,766 [INFO] PluginManager:220 - loadIPPluginJar : add dma3
2024-03-08 15:06:21,782 [INFO] IPUIPlugin:80 - create IPUIPlugin
2024-03-08 15:06:21,783 [INFO] PluginManager:220 - loadIPPluginJar : add fatfs
2024-03-08 15:06:21,820 [INFO] IPUIPlugin:80 - create IPUIPlugin
2024-03-08 15:06:21,821 [INFO] PluginManager:220 - loadIPPluginJar : add fmc
2024-03-08 15:06:21,834 [INFO] IPUIPlugin:80 - create IPUIPlugin
2024-03-08 15:06:21,834 [INFO] PluginManager:220 - loadIPPluginJar : add freertos
2024-03-08 15:06:21,851 [INFO] IPUIPlugin:80 - create IPUIPlugin
2024-03-08 15:06:21,852 [INFO] PluginManager:220 - loadIPPluginJar : add genericplugin
2024-03-08 15:06:21,919 [INFO] IPUIPlugin:80 - create IPUIPlugin
2024-03-08 15:06:21,919 [INFO] PluginManager:220 - loadIPPluginJar : add gfxmmu
2024-03-08 15:06:22,015 [INFO] IPUIPlugin:80 - create IPUIPlugin
2024-03-08 15:06:22,015 [INFO] PluginManager:220 - loadIPPluginJar : add gic
2024-03-08 15:06:22,028 [INFO] IPUIPlugin:80 - create IPUIPlugin
2024-03-08 15:06:22,028 [INFO] PluginManager:220 - loadIPPluginJar : add gpio
2024-03-08 15:06:22,100 [INFO] IPUIPlugin:80 - create IPUIPlugin
2024-03-08 15:06:22,101 [INFO] PluginManager:220 - loadIPPluginJar : add gtzc
2024-03-08 15:06:22,126 [INFO] IPUIPlugin:80 - create IPUIPlugin
2024-03-08 15:06:22,126 [INFO] PluginManager:220 - loadIPPluginJar : add hash
2024-03-08 15:06:22,166 [INFO] IPUIPlugin:80 - create IPUIPlugin
2024-03-08 15:06:22,166 [INFO] PluginManager:220 - loadIPPluginJar : add i2c
2024-03-08 15:06:22,196 [INFO] IPUIPlugin:80 - create IPUIPlugin
2024-03-08 15:06:22,196 [INFO] PluginManager:220 - loadIPPluginJar : add i2s
2024-03-08 15:06:22,227 [INFO] IPUIPlugin:80 - create IPUIPlugin
2024-03-08 15:06:22,227 [INFO] PluginManager:220 - loadIPPluginJar : add i3c
2024-03-08 15:06:22,311 [INFO] IPUIPlugin:80 - create IPUIPlugin
2024-03-08 15:06:22,311 [INFO] PluginManager:220 - loadIPPluginJar : add ipddr
2024-03-08 15:06:22,379 [INFO] IPUIPlugin:80 - create IPUIPlugin
2024-03-08 15:06:22,379 [INFO] PluginManager:220 - loadIPPluginJar : add linkedlist
2024-03-08 15:06:22,406 [INFO] IPUIPlugin:80 - create IPUIPlugin
2024-03-08 15:06:22,406 [INFO] PluginManager:220 - loadIPPluginJar : add lorawan
2024-03-08 15:06:22,434 [INFO] IPUIPlugin:80 - create IPUIPlugin
2024-03-08 15:06:22,435 [INFO] PluginManager:220 - loadIPPluginJar : add ltdc
2024-03-08 15:06:22,448 [INFO] IPUIPlugin:80 - create IPUIPlugin
2024-03-08 15:06:22,448 [INFO] PluginManager:220 - loadIPPluginJar : add mdma
2024-03-08 15:06:22,460 [INFO] IPUIPlugin:80 - create IPUIPlugin
2024-03-08 15:06:22,460 [INFO] PluginManager:220 - loadIPPluginJar : add nvic
2024-03-08 15:06:22,488 [INFO] IPUIPlugin:80 - create IPUIPlugin
2024-03-08 15:06:22,489 [INFO] PluginManager:220 - loadIPPluginJar : add opamp
2024-03-08 15:06:22,533 [INFO] IPUIPlugin:80 - create IPUIPlugin
2024-03-08 15:06:22,533 [INFO] PluginManager:220 - loadIPPluginJar : add openamp
2024-03-08 15:06:22,565 [INFO] IPUIPlugin:80 - create IPUIPlugin
2024-03-08 15:06:22,566 [INFO] PluginManager:220 - loadIPPluginJar : add pdm2pcm
2024-03-08 15:06:22,580 [INFO] IPUIPlugin:80 - create IPUIPlugin
2024-03-08 15:06:22,581 [INFO] PluginManager:220 - loadIPPluginJar : add plateformsettings
2024-03-08 15:06:22,599 [INFO] IPUIPlugin:80 - create IPUIPlugin
2024-03-08 15:06:22,600 [INFO] PluginManager:220 - loadIPPluginJar : add quadspi
2024-03-08 15:06:22,612 [INFO] IPUIPlugin:80 - create IPUIPlugin
2024-03-08 15:06:22,612 [INFO] PluginManager:220 - loadIPPluginJar : add resmgrutility
2024-03-08 15:06:22,649 [INFO] IPUIPlugin:80 - create IPUIPlugin
2024-03-08 15:06:22,649 [INFO] PluginManager:220 - loadIPPluginJar : add sai
2024-03-08 15:06:22,678 [INFO] IPUIPlugin:80 - create IPUIPlugin
2024-03-08 15:06:22,678 [INFO] PluginManager:220 - loadIPPluginJar : add spi
2024-03-08 15:06:22,723 [INFO] IPUIPlugin:80 - create IPUIPlugin
2024-03-08 15:06:22,724 [INFO] PluginManager:220 - loadIPPluginJar : add stm32_wpan
2024-03-08 15:06:22,742 [INFO] IPUIPlugin:80 - create IPUIPlugin
2024-03-08 15:06:22,742 [INFO] PluginManager:220 - loadIPPluginJar : add tim
2024-03-08 15:06:22,785 [INFO] IPUIPlugin:80 - create IPUIPlugin
2024-03-08 15:06:22,785 [INFO] PluginManager:220 - loadIPPluginJar : add touchsensing
2024-03-08 15:06:22,804 [INFO] IPUIPlugin:80 - create IPUIPlugin
2024-03-08 15:06:22,804 [INFO] PluginManager:220 - loadIPPluginJar : add tracer_emb
2024-03-08 15:06:22,822 [INFO] IPUIPlugin:80 - create IPUIPlugin
2024-03-08 15:06:22,823 [INFO] PluginManager:220 - loadIPPluginJar : add ts
2024-03-08 15:06:22,840 [INFO] IPUIPlugin:80 - create IPUIPlugin
2024-03-08 15:06:22,840 [INFO] PluginManager:220 - loadIPPluginJar : add tsc
2024-03-08 15:06:22,860 [INFO] IPUIPlugin:80 - create IPUIPlugin
2024-03-08 15:06:22,860 [INFO] PluginManager:220 - loadIPPluginJar : add ucpd
2024-03-08 15:06:22,895 [INFO] IPUIPlugin:80 - create IPUIPlugin
2024-03-08 15:06:22,896 [INFO] PluginManager:220 - loadIPPluginJar : add usart
2024-03-08 15:06:22,929 [INFO] IPUIPlugin:80 - create IPUIPlugin
2024-03-08 15:06:22,930 [INFO] PluginManager:220 - loadIPPluginJar : add usbx
2024-03-08 15:06:23,042 [INFO] CADModel:165 - CPN selected for project level
2024-03-08 15:06:23,042 [INFO] CADModel:114 - Register for checkConnection events
2024-03-08 15:06:23,043 [FATAL] Updater:308 - Updater called before beeing initialized
2024-03-08 15:06:23,043 [ERROR] CADModel:125 - Updater not yet initialized, retry later 
2024-03-08 15:06:23,160 [INFO] CADModel:165 - CPN selected for project level
2024-03-08 15:06:23,160 [INFO] CADModel:114 - Register for checkConnection events
2024-03-08 15:06:23,161 [FATAL] Updater:308 - Updater called before beeing initialized
2024-03-08 15:06:23,161 [ERROR] CADModel:125 - Updater not yet initialized, retry later 
2024-03-08 15:06:23,164 [FATAL] Updater:308 - Updater called before beeing initialized
2024-03-08 15:06:23,251 [FATAL] Updater:308 - Updater called before beeing initialized
2024-03-08 15:06:23,261 [INFO] DbMcusAds:53 - JSON generation date=Tue Mar 07 17:50:55 KST 2023 (1678179055335)
2024-03-08 15:06:23,261 [FATAL] Updater:308 - Updater called before beeing initialized
2024-03-08 15:06:23,337 [WARN] DetailPanel:346 - Failed to get advertising image, set to default
2024-03-08 15:06:23,425 [FATAL] Updater:308 - Updater called before beeing initialized
2024-03-08 15:06:23,427 [FATAL] Updater:308 - Updater called before beeing initialized
2024-03-08 15:06:23,427 [FATAL] Updater:308 - Updater called before beeing initialized
2024-03-08 15:06:23,427 [WARN] DetailPanel:346 - Failed to get advertising image, set to default
2024-03-08 15:06:23,428 [FATAL] Updater:308 - Updater called before beeing initialized
2024-03-08 15:06:23,479 [ERROR] Updater:1120 - MainUpdater not yet initialized. External WinMGr cannot be set.
2024-03-08 15:06:23,489 [INFO] Updater:1056 - Updater Version found : 6.9.2
2024-03-08 15:06:23,504 [INFO] ApplicationProperties:184 - Using Application install path: C:\STM32CubeIDE\plugins\com.st.stm32cube.common.mx_6.9.2.202309101412
2024-03-08 15:06:23,811 [INFO] MainUpdater:2868 - connection check result : 10
2024-03-08 15:06:23,812 [INFO] MainUpdater:3562 - Updater definition file requires update
2024-03-08 15:06:23,812 [INFO] MainUpdater:285 - Updater Check For Update Now.
2024-03-08 15:06:23,813 [INFO] MicroXplorer:498 - Change Database Version : DB.6.0.92
2024-03-08 15:06:23,828 [INFO] McuFinderGlobals:63 - Set McuFinder mode to 2 (CubeIDE integrated)
2024-03-08 15:06:23,828 [INFO] UserAuth:179 - activating auth plugin
2024-03-08 15:06:23,830 [INFO] UserAuth:393 - Internet connection configuration mode: 1
2024-03-08 15:06:23,852 [INFO] JxBrowserEngine:151 - Initiate JxBrowser Engine with user profile folder
2024-03-08 15:06:23,973 [INFO] ServerAccessManage:473 - Download File updaters.zip
2024-03-08 15:06:24,048 [WARN] MainUpdater:1189 - Updater busy. Cannot search thirdparties
2024-03-08 15:06:24,048 [INFO] ThirdPartyUpdaterWithRetryManager:96 - Updater plugin is busy. [1/15]
2024-03-08 15:06:24,542 [INFO] FileExtend:240 - Unzip File : updaters.zip
2024-03-08 15:06:24,542 [INFO] FileExtend:255 - Standard Zip Deflate
2024-03-08 15:06:25,299 [INFO] ServerAccessManage:473 - Download File PacksControlFlags.xml
2024-03-08 15:06:25,520 [INFO] ServerAccessManage:473 - Download File cubemx.pidx
2024-03-08 15:06:26,975 [INFO] WebApp:157 - Instantiating new browser for Auth
2024-03-08 15:06:27,049 [WARN] MainUpdater:1189 - Updater busy. Cannot search thirdparties
2024-03-08 15:06:27,049 [INFO] ThirdPartyUpdaterWithRetryManager:96 - Updater plugin is busy. [2/15]
2024-03-08 15:06:27,220 [INFO] ServerAccessManage:473 - Download File STMicroelectronics.X-CUBE-BLEMGR.pdsc
2024-03-08 15:06:27,488 [INFO] WebApp:753 - Register for checkConnection events
2024-03-08 15:06:27,488 [INFO] WebApp:390 - Apply proxy settings
2024-03-08 15:06:27,489 [INFO] WebApp:475 - Chromium requires no authentication
2024-03-08 15:06:27,495 [INFO] WebApp:418 - Direct internet connection detected
2024-03-08 15:06:27,648 [INFO] WebApp:188 - Starting web application
2024-03-08 15:06:27,648 [INFO] WebApp:520 - Web application path used C:\STM32CubeIDE\plugins\com.st.stm32cube.common.mx_6.9.2.202309101412\db\plugins\mcufinder\reactClient1\index.html
2024-03-08 15:06:29,709 [INFO] ServerAccessManage:473 - Download File STMicroelectronics.X-CUBE-EEPRMA1.pdsc
2024-03-08 15:06:30,049 [WARN] MainUpdater:1189 - Updater busy. Cannot search thirdparties
2024-03-08 15:06:30,049 [INFO] ThirdPartyUpdaterWithRetryManager:96 - Updater plugin is busy. [3/15]
2024-03-08 15:06:30,549 [ERROR] ServerAccessManage:1089 - Problem, file not found on Server
2024-03-08 15:06:31,882 [ERROR] ServerAccessManage:1089 - Problem, file not found on Server
2024-03-08 15:06:33,050 [WARN] MainUpdater:1189 - Updater busy. Cannot search thirdparties
2024-03-08 15:06:33,050 [INFO] ThirdPartyUpdaterWithRetryManager:96 - Updater plugin is busy. [4/15]
2024-03-08 15:06:33,329 [INFO] ServerAccessManage:473 - Download File STMicroelectronics.X-CUBE-TOF1.pdsc
2024-03-08 15:06:36,053 [WARN] MainUpdater:1189 - Updater busy. Cannot search thirdparties
2024-03-08 15:06:36,053 [INFO] ThirdPartyUpdaterWithRetryManager:96 - Updater plugin is busy. [5/15]
2024-03-08 15:06:36,906 [ERROR] ServerAccessManage:1089 - Problem, file not found on Server
2024-03-08 15:06:38,367 [ERROR] ServerAccessManage:1096 - Problem, Http access forbiden
2024-03-08 15:06:38,368 [ERROR] ServerAccessManage:651 - Problem, Http access forbiden : RoweBots.I-CUBE-UNISONRTOS.pdsc.
2024-03-08 15:06:39,054 [WARN] MainUpdater:1189 - Updater busy. Cannot search thirdparties
2024-03-08 15:06:39,054 [INFO] ThirdPartyUpdaterWithRetryManager:96 - Updater plugin is busy. [6/15]
2024-03-08 15:06:39,813 [INFO] ServerAccessManage:473 - Download File SEGGER.I-CUBE-embOS.pdsc
2024-03-08 15:06:41,926 [WARN] PackLoader:240 - Cannot read IP mode file for STMicroelectronics.X-CUBE-BLEMGR.3.1.0
2024-03-08 15:06:41,939 [WARN] PackLoader:240 - Cannot read IP mode file for STMicroelectronics.X-CUBE-EEPRMA1.5.1.0
2024-03-08 15:06:41,954 [WARN] PackLoader:240 - Cannot read IP mode file for STMicroelectronics.X-CUBE-TOF1.3.4.1
2024-03-08 15:06:42,004 [WARN] PackLoader:240 - Cannot read IP mode file for SEGGER.I-CUBE-embOS.1.3.1
2024-03-08 15:06:42,032 [INFO] PopulateThirdPartyThread:66 - Ending populate Thread
2024-03-08 15:06:42,033 [INFO] ThirdParty:1030 - CMSIS Pack Vendor :STMicroelectronics X-CUBE-EEPRMA1 5.1.0
2024-03-08 15:06:42,034 [INFO] ThirdParty:1030 - CMSIS Pack Vendor :STMicroelectronics X-CUBE-BLEMGR 3.1.0
2024-03-08 15:06:42,034 [INFO] ThirdParty:1030 - CMSIS Pack Vendor :SEGGER I-CUBE-embOS 1.3.1
2024-03-08 15:06:42,034 [INFO] ThirdParty:1030 - CMSIS Pack Vendor :STMicroelectronics X-CUBE-TOF1 3.4.1
2024-03-08 15:06:42,034 [INFO] LoadServerUpdatesThread:373 - End of LoadServerUpdate Thread
2024-03-08 15:06:42,044 [INFO] CheckServerUpdateThread:120 - End of CheckServer Thread
2024-03-08 15:06:42,204 [WARN] PackLoader:240 - Cannot read IP mode file for STMicroelectronics.X-CUBE-SMBUS.2.1.0
2024-03-08 15:06:42,216 [WARN] PackLoader:240 - Cannot read IP mode file for STMicroelectronics.X-CUBE-TOUCHGFX.4.23.0
2024-03-08 15:06:42,244 [WARN] PackLoader:240 - Cannot read IP mode file for STMicroelectronics.X-CUBE-AZRTOS-F7.1.1.0
2024-03-08 15:06:42,259 [WARN] PackLoader:240 - Cannot read IP mode file for STMicroelectronics.FP-SNS-MOTENV1.4.3.2
2024-03-08 15:06:42,265 [WARN] PackLoader:240 - Cannot read IP mode file for STMicroelectronics.FP-SNS-FLIGHT1.5.0.2
2024-03-08 15:06:42,279 [WARN] PackLoader:240 - Cannot read IP mode file for STMicroelectronics.X-CUBE-DISPLAY.3.0.0
2024-03-08 15:06:42,293 [WARN] PackLoader:240 - Cannot read IP mode file for STMicroelectronics.X-CUBE-BLE1.7.0.0
2024-03-08 15:06:42,305 [WARN] PackLoader:240 - Cannot read IP mode file for emotas.I-CUBE-CANOPEN.1.3.0
2024-03-08 15:06:42,316 [WARN] PackLoader:240 - Cannot read IP mode file for STMicroelectronics.X-CUBE-TOUCHGFX.4.22.1
2024-03-08 15:06:42,322 [WARN] PackLoader:240 - Cannot read IP mode file for STMicroelectronics.X-CUBE-BLEMGR.3.1.0
2024-03-08 15:06:42,341 [INFO] LogOutputStream:77 - [STDOUT_REDIRECT] 1 : Invalid condition id : UX_CORESTACK_Condition cause : null
2024-03-08 15:06:42,341 [INFO] LogOutputStream:77 - [STDOUT_REDIRECT] 1 : Invalid condition id : UX_CORESTACK_Condition cause : null
2024-03-08 15:06:42,342 [INFO] LogOutputStream:77 - [STDOUT_REDIRECT] 1 : Invalid condition id : UX_CORESTACK_Condition cause : null
2024-03-08 15:06:42,343 [INFO] LogOutputStream:77 - [STDOUT_REDIRECT] 1 : Invalid condition id : UX_CORESTACK_Condition cause : null
2024-03-08 15:06:42,344 [INFO] LogOutputStream:77 - [STDOUT_REDIRECT] 1 : Invalid condition id : UX_CORESTACK_Condition cause : null
2024-03-08 15:06:42,347 [WARN] PackLoader:240 - Cannot read IP mode file for STMicroelectronics.X-CUBE-AZRTOS-WL.2.0.0
2024-03-08 15:06:42,360 [WARN] PackLoader:240 - Cannot read IP mode file for WES.I-CUBE-Cesium.1.3.0
2024-03-08 15:06:42,371 [WARN] PackLoader:240 - Cannot read IP mode file for STMicroelectronics.X-CUBE-BLE2.3.3.0
2024-03-08 15:06:42,383 [WARN] PackLoader:240 - Cannot read IP mode file for STMicroelectronics.X-CUBE-ALGOBUILD.1.3.0
2024-03-08 15:06:42,407 [WARN] PackLoader:240 - Cannot read IP mode file for STMicroelectronics.X-CUBE-AZRTOS-G0.1.1.0
2024-03-08 15:06:42,421 [WARN] PackLoader:240 - Cannot read IP mode file for STMicroelectronics.X-CUBE-NFC4.3.0.0
2024-03-08 15:06:42,435 [WARN] PackLoader:240 - Cannot read IP mode file for STMicroelectronics.X-CUBE-BLEMGR.3.0.0
2024-03-08 15:06:42,440 [WARN] PackLoader:240 - Cannot read IP mode file for STMicroelectronics.FP-ATR-SIGFOX1.3.2.0
2024-03-08 15:06:42,445 [WARN] PackLoader:240 - Cannot read IP mode file for STMicroelectronics.X-CUBE-EEPRMA1.5.1.0
2024-03-08 15:06:42,465 [WARN] PackLoader:240 - Cannot read IP mode file for SEGGER.I-CUBE-embOS.1.3.1
2024-03-08 15:06:42,500 [WARN] PackLoader:240 - Cannot read IP mode file for STMicroelectronics.X-CUBE-GNSS1.6.0.0
2024-03-08 15:06:42,523 [WARN] PackLoader:240 - Cannot read IP mode file for STMicroelectronics.X-CUBE-AZRTOS-F4.1.1.0
2024-03-08 15:06:42,536 [WARN] PackLoader:240 - Cannot read IP mode file for wolfSSL.I-CUBE-wolfSSL.5.6.3
2024-03-08 15:06:42,558 [WARN] PackLoader:240 - Cannot read IP mode file for STMicroelectronics.X-CUBE-AZRTOS-L5.2.0.0
2024-03-08 15:06:42,569 [WARN] PackLoader:240 - Cannot read IP mode file for STMicroelectronics.X-CUBE-EEPRMA1.4.2.0
2024-03-08 15:06:42,581 [WARN] PackLoader:240 - Cannot read IP mode file for ITTIA_DB.I-CUBE-ITTIADB.8.8.0
2024-03-08 15:06:42,595 [WARN] PackLoader:240 - Cannot read IP mode file for STMicroelectronics.X-CUBE-BLEMGR.2.0.0
2024-03-08 15:06:42,619 [WARN] ConditionMgr:438 - getConditionDescription Invalid condition id : UX DEVICE CLASS RTOS Condition cause : null
2024-03-08 15:06:42,619 [WARN] ConditionMgr:438 - getConditionDescription Invalid condition id : UX DEVICE CLASS RTOS Condition cause : null
2024-03-08 15:06:42,622 [WARN] PackLoader:240 - Cannot read IP mode file for STMicroelectronics.X-CUBE-AZRTOS-H7.3.1.0
2024-03-08 15:06:42,622 [WARN] ConditionMgr:1039 - genDependencies : Invalid condition id : UX DEVICE CLASS RTOS Condition cause : null
2024-03-08 15:06:42,623 [WARN] ConditionMgr:1039 - genDependencies : Invalid condition id : UX DEVICE CLASS RTOS Condition cause : null
2024-03-08 15:06:42,623 [WARN] ConditionMgr:1039 - genDependencies : Invalid condition id : UX DEVICE CLASS RTOS Condition cause : null
2024-03-08 15:06:42,623 [WARN] ConditionMgr:1039 - genDependencies : Invalid condition id : UX DEVICE CLASS RTOS Condition cause : null
2024-03-08 15:06:42,623 [WARN] ConditionMgr:1039 - genDependencies : Invalid condition id : UX DEVICE CLASS RTOS Condition cause : null
2024-03-08 15:06:42,636 [WARN] PackLoader:240 - Cannot read IP mode file for STMicroelectronics.X-CUBE-NFC7.1.0.1
2024-03-08 15:06:42,650 [WARN] PackLoader:240 - Cannot read IP mode file for STMicroelectronics.X-CUBE-NFC6.3.0.0
2024-03-08 15:06:42,662 [WARN] PackLoader:240 - Cannot read IP mode file for STMicroelectronics.X-CUBE-AI.8.1.0
2024-03-08 15:06:42,686 [WARN] ConditionMgr:438 - getConditionDescription Invalid condition id : LAN8742 Phy interface Condition cause : null
2024-03-08 15:06:42,686 [WARN] PackLoader:240 - Cannot read IP mode file for STMicroelectronics.X-CUBE-AZRTOS-L4.2.0.0
2024-03-08 15:06:42,687 [WARN] ConditionMgr:1039 - genDependencies : Invalid condition id : LAN8742 Phy interface Condition cause : null
2024-03-08 15:06:42,687 [WARN] ConditionMgr:1039 - genDependencies : Invalid condition id : LAN8742 Phy interface Condition cause : null
2024-03-08 15:06:42,687 [WARN] ConditionMgr:1039 - genDependencies : Invalid condition id : LAN8742 Phy interface Condition cause : null
2024-03-08 15:06:42,701 [WARN] PackLoader:240 - Cannot read IP mode file for STMicroelectronics.X-CUBE-SFXS2LP1.4.0.0
2024-03-08 15:06:42,712 [WARN] PackLoader:240 - Cannot read IP mode file for STMicroelectronics.X-CUBE-ISPU.1.1.0
2024-03-08 15:06:42,733 [WARN] ConditionMgr:438 - getConditionDescription Invalid condition id : UX DEVICE CLASS RTOS Condition cause : null
2024-03-08 15:06:42,733 [WARN] ConditionMgr:438 - getConditionDescription Invalid condition id : UX DEVICE CLASS RTOS Condition cause : null
2024-03-08 15:06:42,734 [WARN] PackLoader:240 - Cannot read IP mode file for STMicroelectronics.X-CUBE-AZRTOS-WB.2.0.0
2024-03-08 15:06:42,734 [WARN] ConditionMgr:1039 - genDependencies : Invalid condition id : UX DEVICE CLASS RTOS Condition cause : null
2024-03-08 15:06:42,734 [WARN] ConditionMgr:1039 - genDependencies : Invalid condition id : UX DEVICE CLASS RTOS Condition cause : null
2024-03-08 15:06:42,735 [WARN] ConditionMgr:1039 - genDependencies : Invalid condition id : UX DEVICE CLASS RTOS Condition cause : null
2024-03-08 15:06:42,735 [WARN] ConditionMgr:1039 - genDependencies : Invalid condition id : UX DEVICE CLASS RTOS Condition cause : null
2024-03-08 15:06:42,735 [WARN] ConditionMgr:1039 - genDependencies : Invalid condition id : UX DEVICE CLASS RTOS Condition cause : null
2024-03-08 15:06:42,752 [WARN] PackLoader:240 - Cannot read IP mode file for STMicroelectronics.X-CUBE-SUBG2.5.0.0
2024-03-08 15:06:42,772 [WARN] PackLoader:240 - Cannot read IP mode file for STMicroelectronics.X-CUBE-TOF1.3.3.1
2024-03-08 15:06:42,795 [WARN] PackLoader:240 - Cannot read IP mode file for STMicroelectronics.X-CUBE-AZRTOS-G4.2.0.0
2024-03-08 15:06:42,815 [WARN] PackLoader:240 - Cannot read IP mode file for Infineon.AIROC-Wi-Fi-Bluetooth-STM32.1.5.1
2024-03-08 15:06:42,829 [WARN] PackLoader:240 - Cannot read IP mode file for STMicroelectronics.FP-SNS-MOTENVWB1.1.3.0
2024-03-08 15:06:42,834 [WARN] PackLoader:240 - Cannot read IP mode file for STMicroelectronics.FP-SNS-MOTENVWB1.1.3.1
2024-03-08 15:06:42,844 [WARN] PackLoader:240 - Cannot read IP mode file for STMicroelectronics.X-CUBE-ISPU.2.0.0
2024-03-08 15:06:42,889 [WARN] PackLoader:240 - Cannot read IP mode file for STMicroelectronics.X-CUBE-MEMS1.10.0.0
2024-03-08 15:06:42,981 [WARN] PackLoader:240 - Cannot read IP mode file for STMicroelectronics.X-CUBE-FREERTOS.1.1.0
2024-03-08 15:06:42,995 [WARN] PackLoader:240 - Cannot read IP mode file for portGmbH.I-Cube-SoM-uGOAL.1.1.0
2024-03-08 15:06:43,008 [WARN] PackLoader:240 - Cannot read IP mode file for STMicroelectronics.X-CUBE-ALS.1.0.1
2024-03-08 15:06:43,013 [WARN] PackLoader:240 - Cannot read IP mode file for STMicroelectronics.FP-ATR-ASTRA1.2.0.0
2024-03-08 15:06:43,033 [WARN] PackLoader:240 - Cannot read IP mode file for STMicroelectronics.X-CUBE-TOF1.3.4.0
2024-03-08 15:06:43,047 [WARN] PackLoader:240 - Cannot read IP mode file for STMicroelectronics.X-CUBE-TOF1.3.4.1
2024-03-08 15:06:43,078 [WARN] PackLoader:240 - Cannot read IP mode file for STMicroelectronics.X-CUBE-AZRTOS-H7.3.2.0
2024-03-08 15:06:43,080 [INFO] ThirdParty:978 - Integrity check success = true
2024-03-08 15:06:43,081 [INFO] IntegrityCheckThread:100 - exiting critical section [integrity check]
2024-03-08 15:06:43,081 [INFO] IntegrityCheckThread:103 - End integrity checks thread
2024-03-08 15:06:48,377 [ERROR] LogOutputStream:75 - [STDERR_REDIRECT] SLF4J: Failed to load class "org.slf4j.impl.StaticLoggerBinder".
2024-03-08 15:06:48,377 [ERROR] LogOutputStream:75 - [STDERR_REDIRECT] SLF4J: Defaulting to no-operation (NOP) logger implementation
2024-03-08 15:06:48,378 [ERROR] LogOutputStream:75 - [STDERR_REDIRECT] SLF4J: See http://www.slf4j.org/codes.html#StaticLoggerBinder for further details.
2024-03-08 18:15:37,988 [ERROR] LogOutputStream:75 - [STDERR_REDIRECT] 
