2024-03-15 18:05:41,256 [INFO] Activator:176 - 


2024-03-15 18:05:41,261 [INFO] Activator:177 - !SESSION log4j initialized
2024-03-15 18:05:49,239 [INFO] LogOutputStream:77 - [STDOUT_REDIRECT] 
2024-03-15 18:05:51,048 [INFO] ApplicationProperties:184 - Using Application install path: C:\STM32CubeIDE\plugins\com.st.stm32cube.common.mx_6.10.0.202311202037
2024-03-15 18:05:51,069 [INFO] DbMcusXml:78 - Set database path to: C:\STM32CubeIDE\plugins\com.st.stm32cube.common.mx_6.10.0.202311202037\\db\/mcu/
2024-03-15 18:05:51,069 [INFO] ApiDb:274 - Set plugin database path to: C:\STM32CubeIDE\plugins\com.st.stm32cube.common.mx_6.10.0.202311202037\\db\/plugins/boardmanager/
2024-03-15 18:05:51,069 [WARN] ApiDb:259 - Overriding images path with different value:  => C:\STM32CubeIDE\plugins\com.st.stm32cube.common.mx_6.10.0.202311202037\\db\/plugins/mcufinder/images/
2024-03-15 18:05:51,079 [INFO] ApiDb:250 - Set database path to: C:\Users\wlsdn\.stmcufinder\plugins\mcufinder//mcu/
2024-03-15 18:05:51,080 [INFO] DbMcusAds:125 - Set database path to: C:\Users\wlsdn\.stmcufinder\plugins\mcufinder//mcu/
2024-03-15 18:05:51,082 [INFO] CrossReferenceDbSqlite:203 - Set database path to: C:\Users\wlsdn\.stmcufinder\plugins\mcufinder//mcu/cs/
2024-03-15 18:05:51,193 [INFO] RulesReader:64 - Compatibility file has been processed (297 Rules)
2024-03-15 18:05:51,280 [INFO] DbMcusXml:78 - Set database path to: C:\STM32CubeIDE\plugins\com.st.stm32cube.common.mx_6.10.0.202311202037\\db\/mcu/
2024-03-15 18:05:51,280 [INFO] ApiDb:274 - Set plugin database path to: C:\STM32CubeIDE\plugins\com.st.stm32cube.common.mx_6.10.0.202311202037\\db\/plugins/boardmanager/
2024-03-15 18:05:51,280 [INFO] ApiDb:261 - Set plugin images path to: C:\STM32CubeIDE\plugins\com.st.stm32cube.common.mx_6.10.0.202311202037\\db\/plugins/mcufinder/images/
2024-03-15 18:05:51,281 [WARN] DbFile:41 - Overriding database path with different value: C:\Users\wlsdn\.stmcufinder\plugins\mcufinder/ => C:\Users\wlsdn\.stmcufinder\plugins\mcufinder
2024-03-15 18:05:51,281 [INFO] ApiDb:250 - Set database path to: C:\Users\wlsdn\.stmcufinder\plugins\mcufinder//mcu/
2024-03-15 18:05:51,281 [WARN] DbFile:41 - Overriding database path with different value: C:\Users\wlsdn\.stmcufinder\plugins\mcufinder/ => C:\Users\wlsdn\.stmcufinder\plugins\mcufinder
2024-03-15 18:05:51,281 [INFO] DbMcusAds:125 - Set database path to: C:\Users\wlsdn\.stmcufinder\plugins\mcufinder//mcu/
2024-03-15 18:05:51,281 [WARN] DbFile:41 - Overriding database path with different value: C:\Users\wlsdn\.stmcufinder\plugins\mcufinder/ => C:\Users\wlsdn\.stmcufinder\plugins\mcufinder
2024-03-15 18:05:51,281 [WARN] DbFile:41 - Overriding database path with different value: C:\Users\wlsdn\.stmcufinder\plugins\mcufinder/ => C:\Users\wlsdn\.stmcufinder\plugins\mcufinder
2024-03-15 18:05:51,281 [INFO] CrossReferenceDbSqlite:203 - Set database path to: C:\Users\wlsdn\.stmcufinder\plugins\mcufinder//mcu/cs/
2024-03-15 18:05:51,361 [INFO] MainPanel:264 - HeapMemory: 268435456
2024-03-15 18:05:51,484 [INFO] DbMcusXml:78 - Set database path to: C:\STM32CubeIDE\plugins\com.st.stm32cube.common.mx_6.10.0.202311202037\\db\/mcu/
2024-03-15 18:05:51,484 [INFO] ApiDb:274 - Set plugin database path to: C:\STM32CubeIDE\plugins\com.st.stm32cube.common.mx_6.10.0.202311202037\\db\/plugins/boardmanager/
2024-03-15 18:05:51,484 [INFO] ApiDb:261 - Set plugin images path to: C:\STM32CubeIDE\plugins\com.st.stm32cube.common.mx_6.10.0.202311202037\\db\/plugins/mcufinder/images/
2024-03-15 18:05:51,484 [WARN] DbFile:41 - Overriding database path with different value: C:\Users\wlsdn\.stmcufinder\plugins\mcufinder/ => C:\Users\wlsdn\.stmcufinder\plugins\mcufinder
2024-03-15 18:05:51,484 [INFO] ApiDb:250 - Set database path to: C:\Users\wlsdn\.stmcufinder\plugins\mcufinder//mcu/
2024-03-15 18:05:51,484 [WARN] DbFile:41 - Overriding database path with different value: C:\Users\wlsdn\.stmcufinder\plugins\mcufinder/ => C:\Users\wlsdn\.stmcufinder\plugins\mcufinder
2024-03-15 18:05:51,484 [INFO] DbMcusAds:125 - Set database path to: C:\Users\wlsdn\.stmcufinder\plugins\mcufinder//mcu/
2024-03-15 18:05:51,485 [WARN] DbFile:41 - Overriding database path with different value: C:\Users\wlsdn\.stmcufinder\plugins\mcufinder/ => C:\Users\wlsdn\.stmcufinder\plugins\mcufinder
2024-03-15 18:05:51,485 [WARN] DbFile:41 - Overriding database path with different value: C:\Users\wlsdn\.stmcufinder\plugins\mcufinder/ => C:\Users\wlsdn\.stmcufinder\plugins\mcufinder
2024-03-15 18:05:51,485 [INFO] CrossReferenceDbSqlite:203 - Set database path to: C:\Users\wlsdn\.stmcufinder\plugins\mcufinder//mcu/cs/
2024-03-15 18:05:51,503 [INFO] ApplicationProperties:184 - Using Application install path: C:\STM32CubeIDE\plugins\com.st.stm32cube.common.mx_6.10.0.202311202037
2024-03-15 18:05:51,504 [INFO] PluginManage:196 - Search for loadable plugins [exclusion list=, ]
2024-03-15 18:05:51,506 [INFO] PluginManage:310 - Check plugin analytics
2024-03-15 18:05:51,649 [INFO] AnalyticsPlugin:253 - Accepted Software Licenses: 
2024-03-15 18:05:51,649 [INFO] AnalyticsPlugin:255 - Accepted CMSIS Pack Licenses: 
2024-03-15 18:05:51,650 [INFO] AnalyticsPlugin:257 - Accepted Firmware Licenses: FW.F4.1.27.0
2024-03-15 18:05:51,652 [INFO] PluginManage:359 - Loaded plugin analytics (category:tool,tabindex:-1)
2024-03-15 18:05:51,652 [INFO] PluginManage:310 - Check plugin cadmodel
2024-03-15 18:05:51,668 [INFO] CADModel:105 - Init CAD model plugin
2024-03-15 18:05:51,668 [INFO] PluginManage:359 - Loaded plugin cadmodel (category:power,tabindex:5)
2024-03-15 18:05:51,668 [INFO] PluginManage:310 - Check plugin clock
2024-03-15 18:05:51,698 [INFO] PluginManage:359 - Loaded plugin clock (category:base,tabindex:2)
2024-03-15 18:05:51,699 [INFO] PluginManage:310 - Check plugin ddr
2024-03-15 18:05:51,702 [INFO] PluginManage:359 - Loaded plugin ddr (category:tool,tabindex:6)
2024-03-15 18:05:51,702 [INFO] PluginManage:310 - Check plugin filemanager
2024-03-15 18:05:51,949 [INFO] PluginManage:359 - Loaded plugin filemanager (category:base,tabindex:10)
2024-03-15 18:05:51,950 [INFO] PluginManage:310 - Check plugin ipmanager
2024-03-15 18:05:51,957 [INFO] PluginManage:359 - Loaded plugin ipmanager (category:base,tabindex:5)
2024-03-15 18:05:51,957 [INFO] PluginManage:310 - Check plugin lpbam
2024-03-15 18:05:51,976 [INFO] PluginManage:359 - Loaded plugin lpbam (category:base,tabindex:0)
2024-03-15 18:05:51,976 [INFO] PluginManage:310 - Check plugin memorymap
2024-03-15 18:05:52,000 [INFO] PluginManage:359 - Loaded plugin memorymap (category:base,tabindex:4)
2024-03-15 18:05:52,001 [INFO] PluginManage:310 - Check plugin pinoutandconfiguration
2024-03-15 18:05:52,017 [INFO] PluginManage:359 - Loaded plugin pinoutandconfiguration (category:base,tabindex:1)
2024-03-15 18:05:52,017 [INFO] PluginManage:310 - Check plugin pinoutconfig
2024-03-15 18:05:52,106 [WARN] SupportedApi:132 - Cannot load RTOS API schema: s4s-elt-must-match.1: The content of 'definitions' must match (annotation?, (simpleType | complexType)?, (unique | key | keyref)*)). A problem was found starting at: attribute.
2024-03-15 18:05:52,220 [INFO] PluginManage:359 - Loaded plugin pinoutconfig (category:base,tabindex:0)
2024-03-15 18:05:52,220 [INFO] PluginManage:310 - Check plugin power
2024-03-15 18:05:52,242 [INFO] PluginManage:359 - Loaded plugin power (category:power,tabindex:4)
2024-03-15 18:05:52,243 [INFO] PluginManage:310 - Check plugin projectmanager
2024-03-15 18:05:52,256 [INFO] PluginManage:359 - Loaded plugin projectmanager (category:projectmanager,tabindex:3)
2024-03-15 18:05:52,256 [INFO] PluginManage:310 - Check plugin thirdparty
2024-03-15 18:05:52,493 [INFO] PluginManage:359 - Loaded plugin thirdparty (category:base,tabindex:-1)
2024-03-15 18:05:52,493 [INFO] PluginManage:310 - Check plugin tools
2024-03-15 18:05:52,493 [WARN] IntegrityCheckThread:84 - waiting for thirdparty lock release [integrity check]
2024-03-15 18:05:52,493 [INFO] IntegrityCheckThread:86 - entering critical section [integrity check]
2024-03-15 18:05:52,494 [INFO] ThirdPartyUpdaterWithRetryManager:70 - Updater plugin not ready yet. [1/15]
2024-03-15 18:05:52,521 [INFO] PluginManage:359 - Loaded plugin tools (category:base,tabindex:7)
2024-03-15 18:05:52,521 [INFO] PluginManage:310 - Check plugin tutovideos
2024-03-15 18:05:52,694 [INFO] PluginManage:359 - Loaded plugin tutovideos (category:base,tabindex:-1)
2024-03-15 18:05:52,694 [INFO] PluginManage:310 - Check plugin updater
2024-03-15 18:05:52,706 [INFO] PluginManage:359 - Loaded plugin updater (category:base,tabindex:12)
2024-03-15 18:05:52,706 [INFO] PluginManage:310 - Check plugin userauth
2024-03-15 18:05:52,711 [INFO] UserAuth:114 - Init User Auth plugin
2024-03-15 18:05:52,711 [INFO] PluginManage:359 - Loaded plugin userauth (category:base,tabindex:14)
2024-03-15 18:05:52,712 [INFO] PluginManage:283 - PluginManage : Loaded plugins [17]
2024-03-15 18:05:52,900 [INFO] PinOutPanel:1499 - setPackage(No Configuration,No Configuration)
2024-03-15 18:05:52,976 [INFO] CADModel:165 - CPN selected for project level
2024-03-15 18:05:52,976 [INFO] CADModel:114 - Register for checkConnection events
2024-03-15 18:05:53,003 [INFO] IPUIPlugin:80 - create IPUIPlugin
2024-03-15 18:05:53,003 [INFO] PluginManager:220 - loadIPPluginJar : add adc
2024-03-15 18:05:53,034 [INFO] IPUIPlugin:80 - create IPUIPlugin
2024-03-15 18:05:53,034 [INFO] PluginManager:220 - loadIPPluginJar : add aes
2024-03-15 18:05:53,068 [INFO] IPUIPlugin:80 - create IPUIPlugin
2024-03-15 18:05:53,068 [INFO] PluginManager:220 - loadIPPluginJar : add can
2024-03-15 18:05:53,088 [INFO] IPUIPlugin:80 - create IPUIPlugin
2024-03-15 18:05:53,089 [INFO] PluginManager:220 - loadIPPluginJar : add comp
2024-03-15 18:05:53,119 [INFO] IPUIPlugin:80 - create IPUIPlugin
2024-03-15 18:05:53,119 [INFO] PluginManager:220 - loadIPPluginJar : add cryp
2024-03-15 18:05:53,148 [INFO] IPUIPlugin:80 - create IPUIPlugin
2024-03-15 18:05:53,148 [INFO] PluginManager:220 - loadIPPluginJar : add dfsdm
2024-03-15 18:05:53,163 [INFO] IPUIPlugin:80 - create IPUIPlugin
2024-03-15 18:05:53,163 [INFO] PluginManager:220 - loadIPPluginJar : add dma
2024-03-15 18:05:53,203 [INFO] IPUIPlugin:80 - create IPUIPlugin
2024-03-15 18:05:53,203 [INFO] PluginManager:220 - loadIPPluginJar : add dma3
2024-03-15 18:05:53,221 [INFO] IPUIPlugin:80 - create IPUIPlugin
2024-03-15 18:05:53,221 [INFO] PluginManager:220 - loadIPPluginJar : add fatfs
2024-03-15 18:05:53,263 [INFO] IPUIPlugin:80 - create IPUIPlugin
2024-03-15 18:05:53,264 [INFO] PluginManager:220 - loadIPPluginJar : add fmc
2024-03-15 18:05:53,280 [INFO] IPUIPlugin:80 - create IPUIPlugin
2024-03-15 18:05:53,280 [INFO] PluginManager:220 - loadIPPluginJar : add freertos
2024-03-15 18:05:53,298 [INFO] IPUIPlugin:80 - create IPUIPlugin
2024-03-15 18:05:53,298 [INFO] PluginManager:220 - loadIPPluginJar : add genericplugin
2024-03-15 18:05:53,369 [INFO] IPUIPlugin:80 - create IPUIPlugin
2024-03-15 18:05:53,370 [INFO] PluginManager:220 - loadIPPluginJar : add gfxmmu
2024-03-15 18:05:53,479 [INFO] IPUIPlugin:80 - create IPUIPlugin
2024-03-15 18:05:53,479 [INFO] PluginManager:220 - loadIPPluginJar : add gic
2024-03-15 18:05:53,501 [INFO] IPUIPlugin:80 - create IPUIPlugin
2024-03-15 18:05:53,501 [INFO] PluginManager:220 - loadIPPluginJar : add gpio
2024-03-15 18:05:53,576 [INFO] IPUIPlugin:80 - create IPUIPlugin
2024-03-15 18:05:53,576 [INFO] PluginManager:220 - loadIPPluginJar : add gtzc
2024-03-15 18:05:53,604 [INFO] IPUIPlugin:80 - create IPUIPlugin
2024-03-15 18:05:53,604 [INFO] PluginManager:220 - loadIPPluginJar : add hash
2024-03-15 18:05:53,646 [INFO] IPUIPlugin:80 - create IPUIPlugin
2024-03-15 18:05:53,646 [INFO] PluginManager:220 - loadIPPluginJar : add i2c
2024-03-15 18:05:53,679 [INFO] IPUIPlugin:80 - create IPUIPlugin
2024-03-15 18:05:53,679 [INFO] PluginManager:220 - loadIPPluginJar : add i2s
2024-03-15 18:05:53,713 [INFO] IPUIPlugin:80 - create IPUIPlugin
2024-03-15 18:05:53,713 [INFO] PluginManager:220 - loadIPPluginJar : add i3c
2024-03-15 18:05:53,800 [INFO] IPUIPlugin:80 - create IPUIPlugin
2024-03-15 18:05:53,800 [INFO] PluginManager:220 - loadIPPluginJar : add ipddr
2024-03-15 18:05:53,873 [INFO] IPUIPlugin:80 - create IPUIPlugin
2024-03-15 18:05:53,873 [INFO] PluginManager:220 - loadIPPluginJar : add linkedlist
2024-03-15 18:05:53,905 [INFO] IPUIPlugin:80 - create IPUIPlugin
2024-03-15 18:05:53,905 [INFO] PluginManager:220 - loadIPPluginJar : add lorawan
2024-03-15 18:05:53,937 [INFO] IPUIPlugin:80 - create IPUIPlugin
2024-03-15 18:05:53,937 [INFO] PluginManager:220 - loadIPPluginJar : add ltdc
2024-03-15 18:05:53,953 [INFO] IPUIPlugin:80 - create IPUIPlugin
2024-03-15 18:05:53,953 [INFO] PluginManager:220 - loadIPPluginJar : add mdma
2024-03-15 18:05:53,968 [INFO] IPUIPlugin:80 - create IPUIPlugin
2024-03-15 18:05:53,968 [INFO] PluginManager:220 - loadIPPluginJar : add nvic
2024-03-15 18:05:54,002 [INFO] IPUIPlugin:80 - create IPUIPlugin
2024-03-15 18:05:54,003 [INFO] PluginManager:220 - loadIPPluginJar : add opamp
2024-03-15 18:05:54,053 [INFO] IPUIPlugin:80 - create IPUIPlugin
2024-03-15 18:05:54,053 [INFO] PluginManager:220 - loadIPPluginJar : add openamp
2024-03-15 18:05:54,091 [INFO] IPUIPlugin:80 - create IPUIPlugin
2024-03-15 18:05:54,091 [INFO] PluginManager:220 - loadIPPluginJar : add pdm2pcm
2024-03-15 18:05:54,110 [INFO] IPUIPlugin:80 - create IPUIPlugin
2024-03-15 18:05:54,112 [INFO] PluginManager:220 - loadIPPluginJar : add plateformsettings
2024-03-15 18:05:54,136 [INFO] IPUIPlugin:80 - create IPUIPlugin
2024-03-15 18:05:54,136 [INFO] PluginManager:220 - loadIPPluginJar : add quadspi
2024-03-15 18:05:54,151 [INFO] IPUIPlugin:80 - create IPUIPlugin
2024-03-15 18:05:54,151 [INFO] PluginManager:220 - loadIPPluginJar : add resmgrutility
2024-03-15 18:05:54,213 [INFO] IPUIPlugin:80 - create IPUIPlugin
2024-03-15 18:05:54,213 [INFO] PluginManager:220 - loadIPPluginJar : add sai
2024-03-15 18:05:54,248 [INFO] IPUIPlugin:80 - create IPUIPlugin
2024-03-15 18:05:54,248 [INFO] PluginManager:220 - loadIPPluginJar : add spi
2024-03-15 18:05:54,311 [INFO] IPUIPlugin:80 - create IPUIPlugin
2024-03-15 18:05:54,312 [INFO] PluginManager:220 - loadIPPluginJar : add stm32_wpan
2024-03-15 18:05:54,332 [INFO] IPUIPlugin:80 - create IPUIPlugin
2024-03-15 18:05:54,333 [INFO] PluginManager:220 - loadIPPluginJar : add tim
2024-03-15 18:05:54,384 [INFO] IPUIPlugin:80 - create IPUIPlugin
2024-03-15 18:05:54,384 [INFO] PluginManager:220 - loadIPPluginJar : add touchsensing
2024-03-15 18:05:54,403 [INFO] IPUIPlugin:80 - create IPUIPlugin
2024-03-15 18:05:54,403 [INFO] PluginManager:220 - loadIPPluginJar : add tracer_emb
2024-03-15 18:05:54,423 [INFO] IPUIPlugin:80 - create IPUIPlugin
2024-03-15 18:05:54,423 [INFO] PluginManager:220 - loadIPPluginJar : add ts
2024-03-15 18:05:54,442 [INFO] IPUIPlugin:80 - create IPUIPlugin
2024-03-15 18:05:54,443 [INFO] PluginManager:220 - loadIPPluginJar : add tsc
2024-03-15 18:05:54,462 [INFO] IPUIPlugin:80 - create IPUIPlugin
2024-03-15 18:05:54,463 [INFO] PluginManager:220 - loadIPPluginJar : add ucpd
2024-03-15 18:05:54,501 [INFO] IPUIPlugin:80 - create IPUIPlugin
2024-03-15 18:05:54,501 [INFO] PluginManager:220 - loadIPPluginJar : add usart
2024-03-15 18:05:54,540 [INFO] IPUIPlugin:80 - create IPUIPlugin
2024-03-15 18:05:54,540 [INFO] PluginManager:220 - loadIPPluginJar : add usbx
2024-03-15 18:05:54,667 [INFO] CADModel:165 - CPN selected for project level
2024-03-15 18:05:54,667 [INFO] CADModel:114 - Register for checkConnection events
2024-03-15 18:05:54,667 [FATAL] Updater:308 - Updater called before beeing initialized
2024-03-15 18:05:54,667 [ERROR] CADModel:125 - Updater not yet initialized, retry later 
2024-03-15 18:05:54,793 [INFO] CADModel:165 - CPN selected for project level
2024-03-15 18:05:54,793 [INFO] CADModel:114 - Register for checkConnection events
2024-03-15 18:05:54,793 [FATAL] Updater:308 - Updater called before beeing initialized
2024-03-15 18:05:54,793 [ERROR] CADModel:125 - Updater not yet initialized, retry later 
2024-03-15 18:05:54,795 [FATAL] Updater:308 - Updater called before beeing initialized
2024-03-15 18:05:54,892 [FATAL] Updater:308 - Updater called before beeing initialized
2024-03-15 18:05:54,901 [INFO] DbMcusAds:53 - JSON generation date=Thu Sep 30 15:55:09 KST 2021 (1632984909247)
2024-03-15 18:05:54,901 [FATAL] Updater:308 - Updater called before beeing initialized
2024-03-15 18:05:54,982 [WARN] DetailPanel:346 - Failed to get advertising image, set to default
2024-03-15 18:05:55,074 [FATAL] Updater:308 - Updater called before beeing initialized
2024-03-15 18:05:55,076 [FATAL] Updater:308 - Updater called before beeing initialized
2024-03-15 18:05:55,076 [FATAL] Updater:308 - Updater called before beeing initialized
2024-03-15 18:05:55,076 [WARN] DetailPanel:346 - Failed to get advertising image, set to default
2024-03-15 18:05:55,077 [FATAL] Updater:308 - Updater called before beeing initialized
2024-03-15 18:05:55,129 [ERROR] Updater:1120 - MainUpdater not yet initialized. External WinMGr cannot be set.
2024-03-15 18:05:55,140 [INFO] Updater:1056 - Updater Version found : 6.10.0
2024-03-15 18:05:55,158 [INFO] ApplicationProperties:184 - Using Application install path: C:\STM32CubeIDE\plugins\com.st.stm32cube.common.mx_6.10.0.202311202037
2024-03-15 18:05:55,495 [INFO] ThirdPartyUpdaterWithRetryManager:70 - Updater plugin not ready yet. [2/15]
2024-03-15 18:05:56,734 [ERROR] LogOutputStream:75 - [STDERR_REDIRECT] Mar 15, 2024 6:05:56 PM java.util.prefs.WindowsPreferences <init>
2024-03-15 18:05:56,735 [ERROR] LogOutputStream:75 - [STDERR_REDIRECT] WARNING: Could not open/create prefs root node Software\JavaSoft\Prefs at root 0xffffffff80000002. Windows RegCreateKeyEx(...) returned error code 5.
2024-03-15 18:05:56,735 [ERROR] LogOutputStream:75 - [STDERR_REDIRECT] 
2024-03-15 18:05:57,392 [INFO] MainUpdater:2873 - connection check result : 10
2024-03-15 18:05:57,393 [INFO] MainUpdater:290 - Updater Check For Update Now.
2024-03-15 18:05:57,393 [INFO] MicroXplorer:498 - Change Database Version : DB.6.0.100
2024-03-15 18:05:57,408 [INFO] McuFinderGlobals:63 - Set McuFinder mode to 2 (CubeIDE integrated)
2024-03-15 18:05:57,408 [INFO] UserAuth:180 - activating auth plugin
2024-03-15 18:05:57,411 [INFO] UserAuth:404 - Internet connection configuration mode: 1
2024-03-15 18:05:57,435 [INFO] JxBrowserEngine:152 - Initiate JxBrowser Engine with user profile folder
2024-03-15 18:05:57,602 [INFO] CheckServerUpdateThread:120 - End of CheckServer Thread
2024-03-15 18:05:58,750 [WARN] PackLoader:240 - Cannot read IP mode file for STMicroelectronics.X-CUBE-SMBUS.2.1.0
2024-03-15 18:05:58,767 [WARN] PackLoader:240 - Cannot read IP mode file for STMicroelectronics.X-CUBE-TOUCHGFX.4.23.0
2024-03-15 18:05:58,818 [WARN] PackLoader:240 - Cannot read IP mode file for STMicroelectronics.X-CUBE-AZRTOS-F7.1.1.0
2024-03-15 18:05:58,849 [WARN] PackLoader:240 - Cannot read IP mode file for STMicroelectronics.FP-SNS-MOTENV1.4.3.2
2024-03-15 18:05:58,869 [WARN] PackLoader:240 - Cannot read IP mode file for STMicroelectronics.FP-SNS-FLIGHT1.5.0.2
2024-03-15 18:05:58,892 [WARN] PackLoader:240 - Cannot read IP mode file for STMicroelectronics.X-CUBE-DISPLAY.3.0.0
2024-03-15 18:05:58,937 [WARN] PackLoader:240 - Cannot read IP mode file for STMicroelectronics.X-CUBE-BLE1.7.0.0
2024-03-15 18:05:58,955 [WARN] PackLoader:240 - Cannot read IP mode file for emotas.I-CUBE-CANOPEN.1.3.0
2024-03-15 18:05:58,967 [WARN] PackLoader:240 - Cannot read IP mode file for STMicroelectronics.X-CUBE-TOUCHGFX.4.22.1
2024-03-15 18:05:58,990 [WARN] PackLoader:240 - Cannot read IP mode file for STMicroelectronics.X-CUBE-BLEMGR.3.1.0
2024-03-15 18:05:59,019 [INFO] LogOutputStream:77 - [STDOUT_REDIRECT] 1 : Invalid condition id : UX_CORESTACK_Condition cause : null
2024-03-15 18:05:59,019 [INFO] LogOutputStream:77 - [STDOUT_REDIRECT] 1 : Invalid condition id : UX_CORESTACK_Condition cause : null
2024-03-15 18:05:59,021 [INFO] LogOutputStream:77 - [STDOUT_REDIRECT] 1 : Invalid condition id : UX_CORESTACK_Condition cause : null
2024-03-15 18:05:59,022 [INFO] LogOutputStream:77 - [STDOUT_REDIRECT] 1 : Invalid condition id : UX_CORESTACK_Condition cause : null
2024-03-15 18:05:59,023 [INFO] LogOutputStream:77 - [STDOUT_REDIRECT] 1 : Invalid condition id : UX_CORESTACK_Condition cause : null
2024-03-15 18:05:59,026 [WARN] PackLoader:240 - Cannot read IP mode file for STMicroelectronics.X-CUBE-AZRTOS-WL.2.0.0
2024-03-15 18:05:59,045 [WARN] PackLoader:240 - Cannot read IP mode file for WES.I-CUBE-Cesium.1.3.0
2024-03-15 18:05:59,059 [WARN] PackLoader:240 - Cannot read IP mode file for STMicroelectronics.X-CUBE-BLE2.3.3.0
2024-03-15 18:05:59,073 [WARN] PackLoader:240 - Cannot read IP mode file for STMicroelectronics.X-CUBE-ALGOBUILD.1.3.0
2024-03-15 18:05:59,101 [WARN] PackLoader:240 - Cannot read IP mode file for STMicroelectronics.X-CUBE-AZRTOS-G0.1.1.0
2024-03-15 18:05:59,118 [WARN] PackLoader:240 - Cannot read IP mode file for STMicroelectronics.X-CUBE-NFC4.3.0.0
2024-03-15 18:05:59,135 [WARN] PackLoader:240 - Cannot read IP mode file for STMicroelectronics.X-CUBE-BLEMGR.3.0.0
2024-03-15 18:05:59,148 [WARN] PackLoader:240 - Cannot read IP mode file for STMicroelectronics.FP-ATR-SIGFOX1.3.2.0
2024-03-15 18:05:59,161 [WARN] PackLoader:240 - Cannot read IP mode file for STMicroelectronics.X-CUBE-EEPRMA1.5.1.0
2024-03-15 18:05:59,204 [WARN] PackLoader:240 - Cannot read IP mode file for SEGGER.I-CUBE-embOS.1.3.1
2024-03-15 18:05:59,245 [WARN] PackLoader:240 - Cannot read IP mode file for STMicroelectronics.X-CUBE-GNSS1.6.0.0
2024-03-15 18:05:59,271 [WARN] PackLoader:240 - Cannot read IP mode file for STMicroelectronics.X-CUBE-AZRTOS-F4.1.1.0
2024-03-15 18:05:59,285 [WARN] PackLoader:240 - Cannot read IP mode file for wolfSSL.I-CUBE-wolfSSL.5.6.3
2024-03-15 18:05:59,311 [WARN] PackLoader:240 - Cannot read IP mode file for STMicroelectronics.X-CUBE-AZRTOS-L5.2.0.0
2024-03-15 18:05:59,324 [WARN] PackLoader:240 - Cannot read IP mode file for STMicroelectronics.X-CUBE-EEPRMA1.4.2.0
2024-03-15 18:05:59,336 [WARN] PackLoader:240 - Cannot read IP mode file for ITTIA_DB.I-CUBE-ITTIADB.8.8.0
2024-03-15 18:05:59,350 [WARN] PackLoader:240 - Cannot read IP mode file for STMicroelectronics.X-CUBE-BLEMGR.2.0.0
2024-03-15 18:05:59,378 [WARN] ConditionMgr:438 - getConditionDescription Invalid condition id : UX DEVICE CLASS RTOS Condition cause : null
2024-03-15 18:05:59,378 [WARN] ConditionMgr:438 - getConditionDescription Invalid condition id : UX DEVICE CLASS RTOS Condition cause : null
2024-03-15 18:05:59,380 [WARN] PackLoader:240 - Cannot read IP mode file for STMicroelectronics.X-CUBE-AZRTOS-H7.3.1.0
2024-03-15 18:05:59,381 [WARN] ConditionMgr:1039 - genDependencies : Invalid condition id : UX DEVICE CLASS RTOS Condition cause : null
2024-03-15 18:05:59,381 [WARN] ConditionMgr:1039 - genDependencies : Invalid condition id : UX DEVICE CLASS RTOS Condition cause : null
2024-03-15 18:05:59,381 [WARN] ConditionMgr:1039 - genDependencies : Invalid condition id : UX DEVICE CLASS RTOS Condition cause : null
2024-03-15 18:05:59,382 [WARN] ConditionMgr:1039 - genDependencies : Invalid condition id : UX DEVICE CLASS RTOS Condition cause : null
2024-03-15 18:05:59,382 [WARN] ConditionMgr:1039 - genDependencies : Invalid condition id : UX DEVICE CLASS RTOS Condition cause : null
2024-03-15 18:05:59,398 [WARN] PackLoader:240 - Cannot read IP mode file for STMicroelectronics.X-CUBE-NFC7.1.0.1
2024-03-15 18:05:59,413 [WARN] PackLoader:240 - Cannot read IP mode file for STMicroelectronics.X-CUBE-NFC6.3.0.0
2024-03-15 18:05:59,428 [WARN] PackLoader:240 - Cannot read IP mode file for STMicroelectronics.X-CUBE-AI.8.1.0
2024-03-15 18:05:59,462 [WARN] ConditionMgr:438 - getConditionDescription Invalid condition id : LAN8742 Phy interface Condition cause : null
2024-03-15 18:05:59,462 [WARN] PackLoader:240 - Cannot read IP mode file for STMicroelectronics.X-CUBE-AZRTOS-L4.2.0.0
2024-03-15 18:05:59,463 [WARN] ConditionMgr:1039 - genDependencies : Invalid condition id : LAN8742 Phy interface Condition cause : null
2024-03-15 18:05:59,464 [WARN] ConditionMgr:1039 - genDependencies : Invalid condition id : LAN8742 Phy interface Condition cause : null
2024-03-15 18:05:59,464 [WARN] ConditionMgr:1039 - genDependencies : Invalid condition id : LAN8742 Phy interface Condition cause : null
2024-03-15 18:05:59,480 [WARN] PackLoader:240 - Cannot read IP mode file for STMicroelectronics.X-CUBE-SFXS2LP1.4.0.0
2024-03-15 18:05:59,493 [WARN] PackLoader:240 - Cannot read IP mode file for STMicroelectronics.X-CUBE-ISPU.1.1.0
2024-03-15 18:05:59,518 [WARN] ConditionMgr:438 - getConditionDescription Invalid condition id : UX DEVICE CLASS RTOS Condition cause : null
2024-03-15 18:05:59,518 [WARN] ConditionMgr:438 - getConditionDescription Invalid condition id : UX DEVICE CLASS RTOS Condition cause : null
2024-03-15 18:05:59,519 [WARN] PackLoader:240 - Cannot read IP mode file for STMicroelectronics.X-CUBE-AZRTOS-WB.2.0.0
2024-03-15 18:05:59,520 [WARN] ConditionMgr:1039 - genDependencies : Invalid condition id : UX DEVICE CLASS RTOS Condition cause : null
2024-03-15 18:05:59,520 [WARN] ConditionMgr:1039 - genDependencies : Invalid condition id : UX DEVICE CLASS RTOS Condition cause : null
2024-03-15 18:05:59,521 [WARN] ConditionMgr:1039 - genDependencies : Invalid condition id : UX DEVICE CLASS RTOS Condition cause : null
2024-03-15 18:05:59,521 [WARN] ConditionMgr:1039 - genDependencies : Invalid condition id : UX DEVICE CLASS RTOS Condition cause : null
2024-03-15 18:05:59,521 [WARN] ConditionMgr:1039 - genDependencies : Invalid condition id : UX DEVICE CLASS RTOS Condition cause : null
2024-03-15 18:05:59,542 [WARN] PackLoader:240 - Cannot read IP mode file for STMicroelectronics.X-CUBE-SUBG2.5.0.0
2024-03-15 18:05:59,566 [WARN] PackLoader:240 - Cannot read IP mode file for STMicroelectronics.X-CUBE-TOF1.3.3.1
2024-03-15 18:05:59,597 [WARN] PackLoader:240 - Cannot read IP mode file for STMicroelectronics.X-CUBE-AZRTOS-G4.2.0.0
2024-03-15 18:05:59,621 [WARN] PackLoader:240 - Cannot read IP mode file for Infineon.AIROC-Wi-Fi-Bluetooth-STM32.1.5.1
2024-03-15 18:05:59,635 [WARN] PackLoader:240 - Cannot read IP mode file for STMicroelectronics.FP-SNS-MOTENVWB1.1.3.0
2024-03-15 18:05:59,647 [WARN] PackLoader:240 - Cannot read IP mode file for STMicroelectronics.FP-SNS-MOTENVWB1.1.3.1
2024-03-15 18:05:59,657 [WARN] PackLoader:240 - Cannot read IP mode file for STMicroelectronics.X-CUBE-ISPU.2.0.0
2024-03-15 18:05:59,703 [WARN] PackLoader:240 - Cannot read IP mode file for STMicroelectronics.X-CUBE-MEMS1.10.0.0
2024-03-15 18:05:59,824 [WARN] PackLoader:240 - Cannot read IP mode file for STMicroelectronics.X-CUBE-FREERTOS.1.1.0
2024-03-15 18:05:59,838 [WARN] PackLoader:240 - Cannot read IP mode file for portGmbH.I-Cube-SoM-uGOAL.1.1.0
2024-03-15 18:05:59,851 [WARN] PackLoader:240 - Cannot read IP mode file for STMicroelectronics.X-CUBE-ALS.1.0.1
2024-03-15 18:05:59,871 [WARN] PackLoader:240 - Cannot read IP mode file for STMicroelectronics.FP-ATR-ASTRA1.2.0.0
2024-03-15 18:05:59,899 [WARN] PackLoader:240 - Cannot read IP mode file for STMicroelectronics.X-CUBE-TOF1.3.4.0
2024-03-15 18:05:59,940 [WARN] PackLoader:240 - Cannot read IP mode file for STMicroelectronics.X-CUBE-TOF1.3.4.1
2024-03-15 18:05:59,981 [WARN] PackLoader:240 - Cannot read IP mode file for STMicroelectronics.X-CUBE-AZRTOS-H7.3.2.0
2024-03-15 18:05:59,984 [INFO] ThirdParty:978 - Integrity check success = true
2024-03-15 18:05:59,984 [INFO] IntegrityCheckThread:100 - exiting critical section [integrity check]
2024-03-15 18:05:59,984 [INFO] IntegrityCheckThread:103 - End integrity checks thread
2024-03-15 18:06:01,057 [INFO] WebApp:161 - Instantiating new browser for Auth
2024-03-15 18:06:01,626 [INFO] WebApp:780 - Register for checkConnection events
2024-03-15 18:06:01,626 [INFO] WebApp:414 - Apply proxy settings
2024-03-15 18:06:01,626 [INFO] WebApp:499 - Chromium requires no authentication
2024-03-15 18:06:01,634 [INFO] WebApp:442 - Direct internet connection detected
2024-03-15 18:06:01,771 [INFO] WebApp:192 - Starting web application
2024-03-15 18:06:01,771 [INFO] WebApp:544 - Web application path used C:\STM32CubeIDE\plugins\com.st.stm32cube.common.mx_6.10.0.202311202037\db\plugins\mcufinder\reactClient1\index.html
2024-03-15 18:06:22,490 [ERROR] LogOutputStream:75 - [STDERR_REDIRECT] SLF4J: Failed to load class "org.slf4j.impl.StaticLoggerBinder".
2024-03-15 18:06:22,491 [ERROR] LogOutputStream:75 - [STDERR_REDIRECT] SLF4J: Defaulting to no-operation (NOP) logger implementation
2024-03-15 18:06:22,492 [ERROR] LogOutputStream:75 - [STDERR_REDIRECT] SLF4J: See http://www.slf4j.org/codes.html#StaticLoggerBinder for further details.
2024-03-15 18:08:02,119 [ERROR] LogOutputStream:75 - [STDERR_REDIRECT] 
2024-03-15 18:32:59,954 [INFO] Activator:176 - 


2024-03-15 18:32:59,955 [INFO] Activator:177 - !SESSION log4j initialized
2024-03-15 18:33:03,759 [INFO] LogOutputStream:77 - [STDOUT_REDIRECT] 
2024-03-15 18:33:04,981 [INFO] ApplicationProperties:184 - Using Application install path: C:\STM32CubeIDE\plugins\com.st.stm32cube.common.mx_6.10.0.202311202037
2024-03-15 18:33:04,994 [INFO] DbMcusXml:78 - Set database path to: C:\STM32CubeIDE\plugins\com.st.stm32cube.common.mx_6.10.0.202311202037\\db\/mcu/
2024-03-15 18:33:04,994 [INFO] ApiDb:274 - Set plugin database path to: C:\STM32CubeIDE\plugins\com.st.stm32cube.common.mx_6.10.0.202311202037\\db\/plugins/boardmanager/
2024-03-15 18:33:04,994 [WARN] ApiDb:259 - Overriding images path with different value:  => C:\STM32CubeIDE\plugins\com.st.stm32cube.common.mx_6.10.0.202311202037\\db\/plugins/mcufinder/images/
2024-03-15 18:33:04,999 [INFO] ApiDb:250 - Set database path to: C:\Users\wlsdn\.stmcufinder\plugins\mcufinder//mcu/
2024-03-15 18:33:05,000 [INFO] DbMcusAds:125 - Set database path to: C:\Users\wlsdn\.stmcufinder\plugins\mcufinder//mcu/
2024-03-15 18:33:05,001 [INFO] CrossReferenceDbSqlite:203 - Set database path to: C:\Users\wlsdn\.stmcufinder\plugins\mcufinder//mcu/cs/
2024-03-15 18:33:05,078 [INFO] RulesReader:64 - Compatibility file has been processed (297 Rules)
2024-03-15 18:33:05,141 [INFO] DbMcusXml:78 - Set database path to: C:\STM32CubeIDE\plugins\com.st.stm32cube.common.mx_6.10.0.202311202037\\db\/mcu/
2024-03-15 18:33:05,141 [INFO] ApiDb:274 - Set plugin database path to: C:\STM32CubeIDE\plugins\com.st.stm32cube.common.mx_6.10.0.202311202037\\db\/plugins/boardmanager/
2024-03-15 18:33:05,141 [INFO] ApiDb:261 - Set plugin images path to: C:\STM32CubeIDE\plugins\com.st.stm32cube.common.mx_6.10.0.202311202037\\db\/plugins/mcufinder/images/
2024-03-15 18:33:05,142 [WARN] DbFile:41 - Overriding database path with different value: C:\Users\wlsdn\.stmcufinder\plugins\mcufinder/ => C:\Users\wlsdn\.stmcufinder\plugins\mcufinder
2024-03-15 18:33:05,142 [INFO] ApiDb:250 - Set database path to: C:\Users\wlsdn\.stmcufinder\plugins\mcufinder//mcu/
2024-03-15 18:33:05,142 [WARN] DbFile:41 - Overriding database path with different value: C:\Users\wlsdn\.stmcufinder\plugins\mcufinder/ => C:\Users\wlsdn\.stmcufinder\plugins\mcufinder
2024-03-15 18:33:05,142 [INFO] DbMcusAds:125 - Set database path to: C:\Users\wlsdn\.stmcufinder\plugins\mcufinder//mcu/
2024-03-15 18:33:05,142 [WARN] DbFile:41 - Overriding database path with different value: C:\Users\wlsdn\.stmcufinder\plugins\mcufinder/ => C:\Users\wlsdn\.stmcufinder\plugins\mcufinder
2024-03-15 18:33:05,142 [WARN] DbFile:41 - Overriding database path with different value: C:\Users\wlsdn\.stmcufinder\plugins\mcufinder/ => C:\Users\wlsdn\.stmcufinder\plugins\mcufinder
2024-03-15 18:33:05,142 [INFO] CrossReferenceDbSqlite:203 - Set database path to: C:\Users\wlsdn\.stmcufinder\plugins\mcufinder//mcu/cs/
2024-03-15 18:33:05,199 [INFO] MainPanel:264 - HeapMemory: 268435456
2024-03-15 18:33:05,258 [INFO] DbMcusXml:78 - Set database path to: C:\STM32CubeIDE\plugins\com.st.stm32cube.common.mx_6.10.0.202311202037\\db\/mcu/
2024-03-15 18:33:05,259 [INFO] ApiDb:274 - Set plugin database path to: C:\STM32CubeIDE\plugins\com.st.stm32cube.common.mx_6.10.0.202311202037\\db\/plugins/boardmanager/
2024-03-15 18:33:05,259 [INFO] ApiDb:261 - Set plugin images path to: C:\STM32CubeIDE\plugins\com.st.stm32cube.common.mx_6.10.0.202311202037\\db\/plugins/mcufinder/images/
2024-03-15 18:33:05,259 [WARN] DbFile:41 - Overriding database path with different value: C:\Users\wlsdn\.stmcufinder\plugins\mcufinder/ => C:\Users\wlsdn\.stmcufinder\plugins\mcufinder
2024-03-15 18:33:05,259 [INFO] ApiDb:250 - Set database path to: C:\Users\wlsdn\.stmcufinder\plugins\mcufinder//mcu/
2024-03-15 18:33:05,259 [WARN] DbFile:41 - Overriding database path with different value: C:\Users\wlsdn\.stmcufinder\plugins\mcufinder/ => C:\Users\wlsdn\.stmcufinder\plugins\mcufinder
2024-03-15 18:33:05,259 [INFO] DbMcusAds:125 - Set database path to: C:\Users\wlsdn\.stmcufinder\plugins\mcufinder//mcu/
2024-03-15 18:33:05,259 [WARN] DbFile:41 - Overriding database path with different value: C:\Users\wlsdn\.stmcufinder\plugins\mcufinder/ => C:\Users\wlsdn\.stmcufinder\plugins\mcufinder
2024-03-15 18:33:05,259 [WARN] DbFile:41 - Overriding database path with different value: C:\Users\wlsdn\.stmcufinder\plugins\mcufinder/ => C:\Users\wlsdn\.stmcufinder\plugins\mcufinder
2024-03-15 18:33:05,259 [INFO] CrossReferenceDbSqlite:203 - Set database path to: C:\Users\wlsdn\.stmcufinder\plugins\mcufinder//mcu/cs/
2024-03-15 18:33:05,276 [INFO] ApplicationProperties:184 - Using Application install path: C:\STM32CubeIDE\plugins\com.st.stm32cube.common.mx_6.10.0.202311202037
2024-03-15 18:33:05,277 [INFO] PluginManage:196 - Search for loadable plugins [exclusion list=, ]
2024-03-15 18:33:05,278 [INFO] PluginManage:310 - Check plugin analytics
2024-03-15 18:33:05,396 [INFO] AnalyticsPlugin:253 - Accepted Software Licenses: 
2024-03-15 18:33:05,396 [INFO] AnalyticsPlugin:255 - Accepted CMSIS Pack Licenses: 
2024-03-15 18:33:05,397 [INFO] AnalyticsPlugin:257 - Accepted Firmware Licenses: FW.F4.1.27.0
2024-03-15 18:33:05,398 [INFO] PluginManage:359 - Loaded plugin analytics (category:tool,tabindex:-1)
2024-03-15 18:33:05,398 [INFO] PluginManage:310 - Check plugin cadmodel
2024-03-15 18:33:05,401 [INFO] CADModel:105 - Init CAD model plugin
2024-03-15 18:33:05,402 [INFO] PluginManage:359 - Loaded plugin cadmodel (category:power,tabindex:5)
2024-03-15 18:33:05,402 [INFO] PluginManage:310 - Check plugin clock
2024-03-15 18:33:05,407 [INFO] PluginManage:359 - Loaded plugin clock (category:base,tabindex:2)
2024-03-15 18:33:05,408 [INFO] PluginManage:310 - Check plugin ddr
2024-03-15 18:33:05,409 [INFO] PluginManage:359 - Loaded plugin ddr (category:tool,tabindex:6)
2024-03-15 18:33:05,409 [INFO] PluginManage:310 - Check plugin filemanager
2024-03-15 18:33:05,509 [INFO] PluginManage:359 - Loaded plugin filemanager (category:base,tabindex:10)
2024-03-15 18:33:05,509 [INFO] PluginManage:310 - Check plugin ipmanager
2024-03-15 18:33:05,516 [INFO] PluginManage:359 - Loaded plugin ipmanager (category:base,tabindex:5)
2024-03-15 18:33:05,516 [INFO] PluginManage:310 - Check plugin lpbam
2024-03-15 18:33:05,523 [INFO] PluginManage:359 - Loaded plugin lpbam (category:base,tabindex:0)
2024-03-15 18:33:05,523 [INFO] PluginManage:310 - Check plugin memorymap
2024-03-15 18:33:05,533 [INFO] PluginManage:359 - Loaded plugin memorymap (category:base,tabindex:4)
2024-03-15 18:33:05,533 [INFO] PluginManage:310 - Check plugin pinoutandconfiguration
2024-03-15 18:33:05,539 [INFO] PluginManage:359 - Loaded plugin pinoutandconfiguration (category:base,tabindex:1)
2024-03-15 18:33:05,539 [INFO] PluginManage:310 - Check plugin pinoutconfig
2024-03-15 18:33:05,604 [WARN] SupportedApi:132 - Cannot load RTOS API schema: s4s-elt-must-match.1: The content of 'definitions' must match (annotation?, (simpleType | complexType)?, (unique | key | keyref)*)). A problem was found starting at: attribute.
2024-03-15 18:33:05,695 [INFO] PluginManage:359 - Loaded plugin pinoutconfig (category:base,tabindex:0)
2024-03-15 18:33:05,696 [INFO] PluginManage:310 - Check plugin power
2024-03-15 18:33:05,702 [INFO] PluginManage:359 - Loaded plugin power (category:power,tabindex:4)
2024-03-15 18:33:05,702 [INFO] PluginManage:310 - Check plugin projectmanager
2024-03-15 18:33:05,714 [INFO] PluginManage:359 - Loaded plugin projectmanager (category:projectmanager,tabindex:3)
2024-03-15 18:33:05,714 [INFO] PluginManage:310 - Check plugin thirdparty
2024-03-15 18:33:05,801 [INFO] PluginManage:359 - Loaded plugin thirdparty (category:base,tabindex:-1)
2024-03-15 18:33:05,801 [INFO] PluginManage:310 - Check plugin tools
2024-03-15 18:33:05,801 [WARN] IntegrityCheckThread:84 - waiting for thirdparty lock release [integrity check]
2024-03-15 18:33:05,801 [INFO] IntegrityCheckThread:86 - entering critical section [integrity check]
2024-03-15 18:33:05,802 [INFO] ThirdPartyUpdaterWithRetryManager:70 - Updater plugin not ready yet. [1/15]
2024-03-15 18:33:05,803 [INFO] PluginManage:359 - Loaded plugin tools (category:base,tabindex:7)
2024-03-15 18:33:05,804 [INFO] PluginManage:310 - Check plugin tutovideos
2024-03-15 18:33:05,933 [INFO] PluginManage:359 - Loaded plugin tutovideos (category:base,tabindex:-1)
2024-03-15 18:33:05,933 [INFO] PluginManage:310 - Check plugin updater
2024-03-15 18:33:05,941 [INFO] PluginManage:359 - Loaded plugin updater (category:base,tabindex:12)
2024-03-15 18:33:05,941 [INFO] PluginManage:310 - Check plugin userauth
2024-03-15 18:33:05,945 [INFO] UserAuth:114 - Init User Auth plugin
2024-03-15 18:33:05,945 [INFO] PluginManage:359 - Loaded plugin userauth (category:base,tabindex:14)
2024-03-15 18:33:05,946 [INFO] PluginManage:283 - PluginManage : Loaded plugins [17]
2024-03-15 18:33:06,095 [INFO] PinOutPanel:1499 - setPackage(No Configuration,No Configuration)
2024-03-15 18:33:06,173 [INFO] CADModel:165 - CPN selected for project level
2024-03-15 18:33:06,173 [INFO] CADModel:114 - Register for checkConnection events
2024-03-15 18:33:06,187 [INFO] IPUIPlugin:80 - create IPUIPlugin
2024-03-15 18:33:06,187 [INFO] PluginManager:220 - loadIPPluginJar : add adc
2024-03-15 18:33:06,189 [INFO] IPUIPlugin:80 - create IPUIPlugin
2024-03-15 18:33:06,189 [INFO] PluginManager:220 - loadIPPluginJar : add aes
2024-03-15 18:33:06,191 [INFO] IPUIPlugin:80 - create IPUIPlugin
2024-03-15 18:33:06,191 [INFO] PluginManager:220 - loadIPPluginJar : add can
2024-03-15 18:33:06,192 [INFO] IPUIPlugin:80 - create IPUIPlugin
2024-03-15 18:33:06,192 [INFO] PluginManager:220 - loadIPPluginJar : add comp
2024-03-15 18:33:06,194 [INFO] IPUIPlugin:80 - create IPUIPlugin
2024-03-15 18:33:06,194 [INFO] PluginManager:220 - loadIPPluginJar : add cryp
2024-03-15 18:33:06,195 [INFO] IPUIPlugin:80 - create IPUIPlugin
2024-03-15 18:33:06,195 [INFO] PluginManager:220 - loadIPPluginJar : add dfsdm
2024-03-15 18:33:06,200 [INFO] IPUIPlugin:80 - create IPUIPlugin
2024-03-15 18:33:06,200 [INFO] PluginManager:220 - loadIPPluginJar : add dma
2024-03-15 18:33:06,202 [INFO] IPUIPlugin:80 - create IPUIPlugin
2024-03-15 18:33:06,202 [INFO] PluginManager:220 - loadIPPluginJar : add dma3
2024-03-15 18:33:06,203 [INFO] IPUIPlugin:80 - create IPUIPlugin
2024-03-15 18:33:06,203 [INFO] PluginManager:220 - loadIPPluginJar : add fatfs
2024-03-15 18:33:06,206 [INFO] IPUIPlugin:80 - create IPUIPlugin
2024-03-15 18:33:06,206 [INFO] PluginManager:220 - loadIPPluginJar : add fmc
2024-03-15 18:33:06,209 [INFO] IPUIPlugin:80 - create IPUIPlugin
2024-03-15 18:33:06,210 [INFO] PluginManager:220 - loadIPPluginJar : add freertos
2024-03-15 18:33:06,210 [INFO] IPUIPlugin:80 - create IPUIPlugin
2024-03-15 18:33:06,211 [INFO] PluginManager:220 - loadIPPluginJar : add genericplugin
2024-03-15 18:33:06,212 [INFO] IPUIPlugin:80 - create IPUIPlugin
2024-03-15 18:33:06,212 [INFO] PluginManager:220 - loadIPPluginJar : add gfxmmu
2024-03-15 18:33:06,216 [INFO] IPUIPlugin:80 - create IPUIPlugin
2024-03-15 18:33:06,216 [INFO] PluginManager:220 - loadIPPluginJar : add gic
2024-03-15 18:33:06,219 [INFO] IPUIPlugin:80 - create IPUIPlugin
2024-03-15 18:33:06,219 [INFO] PluginManager:220 - loadIPPluginJar : add gpio
2024-03-15 18:33:06,221 [INFO] IPUIPlugin:80 - create IPUIPlugin
2024-03-15 18:33:06,221 [INFO] PluginManager:220 - loadIPPluginJar : add gtzc
2024-03-15 18:33:06,223 [INFO] IPUIPlugin:80 - create IPUIPlugin
2024-03-15 18:33:06,223 [INFO] PluginManager:220 - loadIPPluginJar : add hash
2024-03-15 18:33:06,224 [INFO] IPUIPlugin:80 - create IPUIPlugin
2024-03-15 18:33:06,224 [INFO] PluginManager:220 - loadIPPluginJar : add i2c
2024-03-15 18:33:06,226 [INFO] IPUIPlugin:80 - create IPUIPlugin
2024-03-15 18:33:06,226 [INFO] PluginManager:220 - loadIPPluginJar : add i2s
2024-03-15 18:33:06,228 [INFO] IPUIPlugin:80 - create IPUIPlugin
2024-03-15 18:33:06,228 [INFO] PluginManager:220 - loadIPPluginJar : add i3c
2024-03-15 18:33:06,230 [INFO] IPUIPlugin:80 - create IPUIPlugin
2024-03-15 18:33:06,230 [INFO] PluginManager:220 - loadIPPluginJar : add ipddr
2024-03-15 18:33:06,234 [INFO] IPUIPlugin:80 - create IPUIPlugin
2024-03-15 18:33:06,234 [INFO] PluginManager:220 - loadIPPluginJar : add linkedlist
2024-03-15 18:33:06,236 [INFO] IPUIPlugin:80 - create IPUIPlugin
2024-03-15 18:33:06,236 [INFO] PluginManager:220 - loadIPPluginJar : add lorawan
2024-03-15 18:33:06,237 [INFO] IPUIPlugin:80 - create IPUIPlugin
2024-03-15 18:33:06,237 [INFO] PluginManager:220 - loadIPPluginJar : add ltdc
2024-03-15 18:33:06,241 [INFO] IPUIPlugin:80 - create IPUIPlugin
2024-03-15 18:33:06,241 [INFO] PluginManager:220 - loadIPPluginJar : add mdma
2024-03-15 18:33:06,244 [INFO] IPUIPlugin:80 - create IPUIPlugin
2024-03-15 18:33:06,244 [INFO] PluginManager:220 - loadIPPluginJar : add nvic
2024-03-15 18:33:06,245 [INFO] IPUIPlugin:80 - create IPUIPlugin
2024-03-15 18:33:06,246 [INFO] PluginManager:220 - loadIPPluginJar : add opamp
2024-03-15 18:33:06,247 [INFO] IPUIPlugin:80 - create IPUIPlugin
2024-03-15 18:33:06,248 [INFO] PluginManager:220 - loadIPPluginJar : add openamp
2024-03-15 18:33:06,250 [INFO] IPUIPlugin:80 - create IPUIPlugin
2024-03-15 18:33:06,250 [INFO] PluginManager:220 - loadIPPluginJar : add pdm2pcm
2024-03-15 18:33:06,254 [INFO] IPUIPlugin:80 - create IPUIPlugin
2024-03-15 18:33:06,256 [INFO] PluginManager:220 - loadIPPluginJar : add plateformsettings
2024-03-15 18:33:06,257 [INFO] IPUIPlugin:80 - create IPUIPlugin
2024-03-15 18:33:06,257 [INFO] PluginManager:220 - loadIPPluginJar : add quadspi
2024-03-15 18:33:06,259 [INFO] IPUIPlugin:80 - create IPUIPlugin
2024-03-15 18:33:06,259 [INFO] PluginManager:220 - loadIPPluginJar : add resmgrutility
2024-03-15 18:33:06,261 [INFO] IPUIPlugin:80 - create IPUIPlugin
2024-03-15 18:33:06,261 [INFO] PluginManager:220 - loadIPPluginJar : add sai
2024-03-15 18:33:06,262 [INFO] IPUIPlugin:80 - create IPUIPlugin
2024-03-15 18:33:06,262 [INFO] PluginManager:220 - loadIPPluginJar : add spi
2024-03-15 18:33:06,265 [INFO] IPUIPlugin:80 - create IPUIPlugin
2024-03-15 18:33:06,265 [INFO] PluginManager:220 - loadIPPluginJar : add stm32_wpan
2024-03-15 18:33:06,266 [INFO] IPUIPlugin:80 - create IPUIPlugin
2024-03-15 18:33:06,267 [INFO] PluginManager:220 - loadIPPluginJar : add tim
2024-03-15 18:33:06,268 [INFO] IPUIPlugin:80 - create IPUIPlugin
2024-03-15 18:33:06,268 [INFO] PluginManager:220 - loadIPPluginJar : add touchsensing
2024-03-15 18:33:06,269 [INFO] IPUIPlugin:80 - create IPUIPlugin
2024-03-15 18:33:06,269 [INFO] PluginManager:220 - loadIPPluginJar : add tracer_emb
2024-03-15 18:33:06,270 [INFO] IPUIPlugin:80 - create IPUIPlugin
2024-03-15 18:33:06,271 [INFO] PluginManager:220 - loadIPPluginJar : add ts
2024-03-15 18:33:06,271 [INFO] IPUIPlugin:80 - create IPUIPlugin
2024-03-15 18:33:06,271 [INFO] PluginManager:220 - loadIPPluginJar : add tsc
2024-03-15 18:33:06,273 [INFO] IPUIPlugin:80 - create IPUIPlugin
2024-03-15 18:33:06,273 [INFO] PluginManager:220 - loadIPPluginJar : add ucpd
2024-03-15 18:33:06,275 [INFO] IPUIPlugin:80 - create IPUIPlugin
2024-03-15 18:33:06,275 [INFO] PluginManager:220 - loadIPPluginJar : add usart
2024-03-15 18:33:06,276 [INFO] IPUIPlugin:80 - create IPUIPlugin
2024-03-15 18:33:06,276 [INFO] PluginManager:220 - loadIPPluginJar : add usbx
2024-03-15 18:33:06,394 [INFO] CADModel:165 - CPN selected for project level
2024-03-15 18:33:06,394 [INFO] CADModel:114 - Register for checkConnection events
2024-03-15 18:33:06,394 [FATAL] Updater:308 - Updater called before beeing initialized
2024-03-15 18:33:06,395 [ERROR] CADModel:125 - Updater not yet initialized, retry later 
2024-03-15 18:33:06,485 [INFO] CADModel:165 - CPN selected for project level
2024-03-15 18:33:06,485 [INFO] CADModel:114 - Register for checkConnection events
2024-03-15 18:33:06,485 [FATAL] Updater:308 - Updater called before beeing initialized
2024-03-15 18:33:06,485 [ERROR] CADModel:125 - Updater not yet initialized, retry later 
2024-03-15 18:33:06,487 [FATAL] Updater:308 - Updater called before beeing initialized
2024-03-15 18:33:06,576 [FATAL] Updater:308 - Updater called before beeing initialized
2024-03-15 18:33:06,579 [INFO] DbMcusAds:53 - JSON generation date=Thu Sep 30 15:55:09 KST 2021 (1632984909247)
2024-03-15 18:33:06,579 [FATAL] Updater:308 - Updater called before beeing initialized
2024-03-15 18:33:06,606 [WARN] DetailPanel:346 - Failed to get advertising image, set to default
2024-03-15 18:33:06,687 [FATAL] Updater:308 - Updater called before beeing initialized
2024-03-15 18:33:06,688 [FATAL] Updater:308 - Updater called before beeing initialized
2024-03-15 18:33:06,688 [FATAL] Updater:308 - Updater called before beeing initialized
2024-03-15 18:33:06,688 [WARN] DetailPanel:346 - Failed to get advertising image, set to default
2024-03-15 18:33:06,689 [FATAL] Updater:308 - Updater called before beeing initialized
2024-03-15 18:33:06,727 [ERROR] Updater:1120 - MainUpdater not yet initialized. External WinMGr cannot be set.
2024-03-15 18:33:06,728 [INFO] Updater:1056 - Updater Version found : 6.10.0
2024-03-15 18:33:06,741 [INFO] ApplicationProperties:184 - Using Application install path: C:\STM32CubeIDE\plugins\com.st.stm32cube.common.mx_6.10.0.202311202037
2024-03-15 18:33:08,318 [ERROR] LogOutputStream:75 - [STDERR_REDIRECT] Mar 15, 2024 6:33:08 PM java.util.prefs.WindowsPreferences <init>
2024-03-15 18:33:08,320 [ERROR] LogOutputStream:75 - [STDERR_REDIRECT] WARNING: Could not open/create prefs root node Software\JavaSoft\Prefs at root 0xffffffff80000002. Windows RegCreateKeyEx(...) returned error code 5.
2024-03-15 18:33:08,320 [ERROR] LogOutputStream:75 - [STDERR_REDIRECT] 
2024-03-15 18:33:08,803 [INFO] ThirdPartyUpdaterWithRetryManager:70 - Updater plugin not ready yet. [2/15]
2024-03-15 18:33:08,932 [INFO] MainUpdater:2873 - connection check result : 10
2024-03-15 18:33:08,933 [INFO] MainUpdater:290 - Updater Check For Update Now.
2024-03-15 18:33:08,933 [INFO] MicroXplorer:498 - Change Database Version : DB.6.0.100
2024-03-15 18:33:08,939 [INFO] McuFinderGlobals:63 - Set McuFinder mode to 2 (CubeIDE integrated)
2024-03-15 18:33:08,939 [INFO] UserAuth:180 - activating auth plugin
2024-03-15 18:33:08,955 [INFO] UserAuth:404 - Internet connection configuration mode: 1
2024-03-15 18:33:08,967 [INFO] JxBrowserEngine:152 - Initiate JxBrowser Engine with user profile folder
2024-03-15 18:33:09,168 [INFO] CheckServerUpdateThread:120 - End of CheckServer Thread
2024-03-15 18:33:09,487 [INFO] WebApp:161 - Instantiating new browser for Auth
2024-03-15 18:33:09,850 [INFO] WebApp:780 - Register for checkConnection events
2024-03-15 18:33:09,850 [INFO] WebApp:414 - Apply proxy settings
2024-03-15 18:33:09,851 [INFO] WebApp:499 - Chromium requires no authentication
2024-03-15 18:33:09,855 [INFO] WebApp:442 - Direct internet connection detected
2024-03-15 18:33:09,948 [INFO] WebApp:192 - Starting web application
2024-03-15 18:33:09,948 [INFO] WebApp:544 - Web application path used C:\STM32CubeIDE\plugins\com.st.stm32cube.common.mx_6.10.0.202311202037\db\plugins\mcufinder\reactClient1\index.html
2024-03-15 18:33:11,939 [WARN] PackLoader:240 - Cannot read IP mode file for STMicroelectronics.X-CUBE-SMBUS.2.1.0
2024-03-15 18:33:11,945 [WARN] PackLoader:240 - Cannot read IP mode file for STMicroelectronics.X-CUBE-TOUCHGFX.4.23.0
2024-03-15 18:33:11,975 [WARN] PackLoader:240 - Cannot read IP mode file for STMicroelectronics.X-CUBE-AZRTOS-F7.1.1.0
2024-03-15 18:33:11,984 [WARN] PackLoader:240 - Cannot read IP mode file for STMicroelectronics.FP-SNS-MOTENV1.4.3.2
2024-03-15 18:33:11,990 [WARN] PackLoader:240 - Cannot read IP mode file for STMicroelectronics.FP-SNS-FLIGHT1.5.0.2
2024-03-15 18:33:11,998 [WARN] PackLoader:240 - Cannot read IP mode file for STMicroelectronics.X-CUBE-DISPLAY.3.0.0
2024-03-15 18:33:12,008 [WARN] PackLoader:240 - Cannot read IP mode file for STMicroelectronics.X-CUBE-BLE1.7.0.0
2024-03-15 18:33:12,013 [WARN] PackLoader:240 - Cannot read IP mode file for emotas.I-CUBE-CANOPEN.1.3.0
2024-03-15 18:33:12,016 [WARN] PackLoader:240 - Cannot read IP mode file for STMicroelectronics.X-CUBE-TOUCHGFX.4.22.1
2024-03-15 18:33:12,024 [WARN] PackLoader:240 - Cannot read IP mode file for STMicroelectronics.X-CUBE-BLEMGR.3.1.0
2024-03-15 18:33:12,036 [INFO] LogOutputStream:77 - [STDOUT_REDIRECT] 1 : Invalid condition id : UX_CORESTACK_Condition cause : null
2024-03-15 18:33:12,037 [INFO] LogOutputStream:77 - [STDOUT_REDIRECT] 1 : Invalid condition id : UX_CORESTACK_Condition cause : null
2024-03-15 18:33:12,038 [INFO] LogOutputStream:77 - [STDOUT_REDIRECT] 1 : Invalid condition id : UX_CORESTACK_Condition cause : null
2024-03-15 18:33:12,039 [INFO] LogOutputStream:77 - [STDOUT_REDIRECT] 1 : Invalid condition id : UX_CORESTACK_Condition cause : null
2024-03-15 18:33:12,040 [INFO] LogOutputStream:77 - [STDOUT_REDIRECT] 1 : Invalid condition id : UX_CORESTACK_Condition cause : null
2024-03-15 18:33:12,044 [WARN] PackLoader:240 - Cannot read IP mode file for STMicroelectronics.X-CUBE-AZRTOS-WL.2.0.0
2024-03-15 18:33:12,052 [WARN] PackLoader:240 - Cannot read IP mode file for WES.I-CUBE-Cesium.1.3.0
2024-03-15 18:33:12,057 [WARN] PackLoader:240 - Cannot read IP mode file for STMicroelectronics.X-CUBE-BLE2.3.3.0
2024-03-15 18:33:12,062 [WARN] PackLoader:240 - Cannot read IP mode file for STMicroelectronics.X-CUBE-ALGOBUILD.1.3.0
2024-03-15 18:33:12,078 [WARN] PackLoader:240 - Cannot read IP mode file for STMicroelectronics.X-CUBE-AZRTOS-G0.1.1.0
2024-03-15 18:33:12,084 [WARN] PackLoader:240 - Cannot read IP mode file for STMicroelectronics.X-CUBE-NFC4.3.0.0
2024-03-15 18:33:12,091 [WARN] PackLoader:240 - Cannot read IP mode file for STMicroelectronics.X-CUBE-BLEMGR.3.0.0
2024-03-15 18:33:12,095 [WARN] PackLoader:240 - Cannot read IP mode file for STMicroelectronics.FP-ATR-SIGFOX1.3.2.0
2024-03-15 18:33:12,100 [WARN] PackLoader:240 - Cannot read IP mode file for STMicroelectronics.X-CUBE-EEPRMA1.5.1.0
2024-03-15 18:33:12,124 [WARN] PackLoader:240 - Cannot read IP mode file for SEGGER.I-CUBE-embOS.1.3.1
2024-03-15 18:33:12,157 [WARN] PackLoader:240 - Cannot read IP mode file for STMicroelectronics.X-CUBE-GNSS1.6.0.0
2024-03-15 18:33:12,170 [WARN] PackLoader:240 - Cannot read IP mode file for STMicroelectronics.X-CUBE-AZRTOS-F4.1.1.0
2024-03-15 18:33:12,176 [WARN] PackLoader:240 - Cannot read IP mode file for wolfSSL.I-CUBE-wolfSSL.5.6.3
2024-03-15 18:33:12,191 [WARN] PackLoader:240 - Cannot read IP mode file for STMicroelectronics.X-CUBE-AZRTOS-L5.2.0.0
2024-03-15 18:33:12,195 [WARN] PackLoader:240 - Cannot read IP mode file for STMicroelectronics.X-CUBE-EEPRMA1.4.2.0
2024-03-15 18:33:12,200 [WARN] PackLoader:240 - Cannot read IP mode file for ITTIA_DB.I-CUBE-ITTIADB.8.8.0
2024-03-15 18:33:12,205 [WARN] PackLoader:240 - Cannot read IP mode file for STMicroelectronics.X-CUBE-BLEMGR.2.0.0
2024-03-15 18:33:12,220 [WARN] ConditionMgr:438 - getConditionDescription Invalid condition id : UX DEVICE CLASS RTOS Condition cause : null
2024-03-15 18:33:12,220 [WARN] ConditionMgr:438 - getConditionDescription Invalid condition id : UX DEVICE CLASS RTOS Condition cause : null
2024-03-15 18:33:12,222 [WARN] PackLoader:240 - Cannot read IP mode file for STMicroelectronics.X-CUBE-AZRTOS-H7.3.1.0
2024-03-15 18:33:12,223 [WARN] ConditionMgr:1039 - genDependencies : Invalid condition id : UX DEVICE CLASS RTOS Condition cause : null
2024-03-15 18:33:12,223 [WARN] ConditionMgr:1039 - genDependencies : Invalid condition id : UX DEVICE CLASS RTOS Condition cause : null
2024-03-15 18:33:12,224 [WARN] ConditionMgr:1039 - genDependencies : Invalid condition id : UX DEVICE CLASS RTOS Condition cause : null
2024-03-15 18:33:12,224 [WARN] ConditionMgr:1039 - genDependencies : Invalid condition id : UX DEVICE CLASS RTOS Condition cause : null
2024-03-15 18:33:12,224 [WARN] ConditionMgr:1039 - genDependencies : Invalid condition id : UX DEVICE CLASS RTOS Condition cause : null
2024-03-15 18:33:12,230 [WARN] PackLoader:240 - Cannot read IP mode file for STMicroelectronics.X-CUBE-NFC7.1.0.1
2024-03-15 18:33:12,236 [WARN] PackLoader:240 - Cannot read IP mode file for STMicroelectronics.X-CUBE-NFC6.3.0.0
2024-03-15 18:33:12,240 [WARN] PackLoader:240 - Cannot read IP mode file for STMicroelectronics.X-CUBE-AI.8.1.0
2024-03-15 18:33:12,256 [WARN] ConditionMgr:438 - getConditionDescription Invalid condition id : LAN8742 Phy interface Condition cause : null
2024-03-15 18:33:12,257 [WARN] PackLoader:240 - Cannot read IP mode file for STMicroelectronics.X-CUBE-AZRTOS-L4.2.0.0
2024-03-15 18:33:12,258 [WARN] ConditionMgr:1039 - genDependencies : Invalid condition id : LAN8742 Phy interface Condition cause : null
2024-03-15 18:33:12,258 [WARN] ConditionMgr:1039 - genDependencies : Invalid condition id : LAN8742 Phy interface Condition cause : null
2024-03-15 18:33:12,258 [WARN] ConditionMgr:1039 - genDependencies : Invalid condition id : LAN8742 Phy interface Condition cause : null
2024-03-15 18:33:12,265 [WARN] PackLoader:240 - Cannot read IP mode file for STMicroelectronics.X-CUBE-SFXS2LP1.4.0.0
2024-03-15 18:33:12,270 [WARN] PackLoader:240 - Cannot read IP mode file for STMicroelectronics.X-CUBE-ISPU.1.1.0
2024-03-15 18:33:12,280 [WARN] ConditionMgr:438 - getConditionDescription Invalid condition id : UX DEVICE CLASS RTOS Condition cause : null
2024-03-15 18:33:12,280 [WARN] ConditionMgr:438 - getConditionDescription Invalid condition id : UX DEVICE CLASS RTOS Condition cause : null
2024-03-15 18:33:12,282 [WARN] PackLoader:240 - Cannot read IP mode file for STMicroelectronics.X-CUBE-AZRTOS-WB.2.0.0
2024-03-15 18:33:12,282 [WARN] ConditionMgr:1039 - genDependencies : Invalid condition id : UX DEVICE CLASS RTOS Condition cause : null
2024-03-15 18:33:12,282 [WARN] ConditionMgr:1039 - genDependencies : Invalid condition id : UX DEVICE CLASS RTOS Condition cause : null
2024-03-15 18:33:12,283 [WARN] ConditionMgr:1039 - genDependencies : Invalid condition id : UX DEVICE CLASS RTOS Condition cause : null
2024-03-15 18:33:12,283 [WARN] ConditionMgr:1039 - genDependencies : Invalid condition id : UX DEVICE CLASS RTOS Condition cause : null
2024-03-15 18:33:12,283 [WARN] ConditionMgr:1039 - genDependencies : Invalid condition id : UX DEVICE CLASS RTOS Condition cause : null
2024-03-15 18:33:12,291 [WARN] PackLoader:240 - Cannot read IP mode file for STMicroelectronics.X-CUBE-SUBG2.5.0.0
2024-03-15 18:33:12,302 [WARN] PackLoader:240 - Cannot read IP mode file for STMicroelectronics.X-CUBE-TOF1.3.3.1
2024-03-15 18:33:12,319 [WARN] PackLoader:240 - Cannot read IP mode file for STMicroelectronics.X-CUBE-AZRTOS-G4.2.0.0
2024-03-15 18:33:12,331 [WARN] PackLoader:240 - Cannot read IP mode file for Infineon.AIROC-Wi-Fi-Bluetooth-STM32.1.5.1
2024-03-15 18:33:12,338 [WARN] PackLoader:240 - Cannot read IP mode file for STMicroelectronics.FP-SNS-MOTENVWB1.1.3.0
2024-03-15 18:33:12,341 [WARN] PackLoader:240 - Cannot read IP mode file for STMicroelectronics.FP-SNS-MOTENVWB1.1.3.1
2024-03-15 18:33:12,343 [WARN] PackLoader:240 - Cannot read IP mode file for STMicroelectronics.X-CUBE-ISPU.2.0.0
2024-03-15 18:33:12,371 [WARN] PackLoader:240 - Cannot read IP mode file for STMicroelectronics.X-CUBE-MEMS1.10.0.0
2024-03-15 18:33:12,471 [WARN] PackLoader:240 - Cannot read IP mode file for STMicroelectronics.X-CUBE-FREERTOS.1.1.0
2024-03-15 18:33:12,476 [WARN] PackLoader:240 - Cannot read IP mode file for portGmbH.I-Cube-SoM-uGOAL.1.1.0
2024-03-15 18:33:12,480 [WARN] PackLoader:240 - Cannot read IP mode file for STMicroelectronics.X-CUBE-ALS.1.0.1
2024-03-15 18:33:12,483 [WARN] PackLoader:240 - Cannot read IP mode file for STMicroelectronics.FP-ATR-ASTRA1.2.0.0
2024-03-15 18:33:12,489 [WARN] PackLoader:240 - Cannot read IP mode file for STMicroelectronics.X-CUBE-TOF1.3.4.0
2024-03-15 18:33:12,502 [WARN] PackLoader:240 - Cannot read IP mode file for STMicroelectronics.X-CUBE-TOF1.3.4.1
2024-03-15 18:33:12,520 [WARN] PackLoader:240 - Cannot read IP mode file for STMicroelectronics.X-CUBE-AZRTOS-H7.3.2.0
2024-03-15 18:33:12,522 [INFO] ThirdParty:978 - Integrity check success = true
2024-03-15 18:33:12,522 [INFO] IntegrityCheckThread:100 - exiting critical section [integrity check]
2024-03-15 18:33:12,522 [INFO] IntegrityCheckThread:103 - End integrity checks thread
2024-03-15 18:33:30,410 [ERROR] LogOutputStream:75 - [STDERR_REDIRECT] SLF4J: Failed to load class "org.slf4j.impl.StaticLoggerBinder".
2024-03-15 18:33:30,411 [ERROR] LogOutputStream:75 - [STDERR_REDIRECT] SLF4J: Defaulting to no-operation (NOP) logger implementation
2024-03-15 18:33:30,412 [ERROR] LogOutputStream:75 - [STDERR_REDIRECT] SLF4J: See http://www.slf4j.org/codes.html#StaticLoggerBinder for further details.
2024-03-15 18:36:52,946 [ERROR] LogOutputStream:75 - [STDERR_REDIRECT] 
